<?xml version="1.0" encoding="UTF-8"?>
<testsuite name="ee.bcs.valiit.trikad.TrikadApplicationTests" tests="1" skipped="0" failures="1" errors="0" timestamp="2018-09-09T17:34:09" hostname="DESKTOP-99F7BOC" time="0.017">
  <properties/>
  <testcase name="contextLoads" classname="ee.bcs.valiit.trikad.TrikadApplicationTests" time="0.017">
    <failure message="java.lang.IllegalStateException: Failed to load ApplicationContext" type="java.lang.IllegalStateException">java.lang.IllegalStateException: Failed to load ApplicationContext
	at org.springframework.test.context.cache.DefaultCacheAwareContextLoaderDelegate.loadContext(DefaultCacheAwareContextLoaderDelegate.java:125)
	at org.springframework.test.context.support.DefaultTestContext.getApplicationContext(DefaultTestContext.java:108)
	at org.springframework.test.context.web.ServletTestExecutionListener.setUpRequestContextIfNecessary(ServletTestExecutionListener.java:190)
	at org.springframework.test.context.web.ServletTestExecutionListener.prepareTestInstance(ServletTestExecutionListener.java:132)
	at org.springframework.test.context.TestContextManager.prepareTestInstance(TestContextManager.java:246)
	at org.springframework.test.context.junit4.SpringJUnit4ClassRunner.createTest(SpringJUnit4ClassRunner.java:227)
	at org.springframework.test.context.junit4.SpringJUnit4ClassRunner$1.runReflectiveCall(SpringJUnit4ClassRunner.java:289)
	at org.junit.internal.runners.model.ReflectiveCallable.run(ReflectiveCallable.java:12)
	at org.springframework.test.context.junit4.SpringJUnit4ClassRunner.methodBlock(SpringJUnit4ClassRunner.java:291)
	at org.springframework.test.context.junit4.SpringJUnit4ClassRunner.runChild(SpringJUnit4ClassRunner.java:246)
	at org.springframework.test.context.junit4.SpringJUnit4ClassRunner.runChild(SpringJUnit4ClassRunner.java:97)
	at org.junit.runners.ParentRunner$3.run(ParentRunner.java:290)
	at org.junit.runners.ParentRunner$1.schedule(ParentRunner.java:71)
	at org.junit.runners.ParentRunner.runChildren(ParentRunner.java:288)
	at org.junit.runners.ParentRunner.access$000(ParentRunner.java:58)
	at org.junit.runners.ParentRunner$2.evaluate(ParentRunner.java:268)
	at org.springframework.test.context.junit4.statements.RunBeforeTestClassCallbacks.evaluate(RunBeforeTestClassCallbacks.java:61)
	at org.springframework.test.context.junit4.statements.RunAfterTestClassCallbacks.evaluate(RunAfterTestClassCallbacks.java:70)
	at org.junit.runners.ParentRunner.run(ParentRunner.java:363)
	at org.springframework.test.context.junit4.SpringJUnit4ClassRunner.run(SpringJUnit4ClassRunner.java:190)
	at org.gradle.api.internal.tasks.testing.junit.JUnitTestClassExecutor.runTestClass(JUnitTestClassExecutor.java:106)
	at org.gradle.api.internal.tasks.testing.junit.JUnitTestClassExecutor.execute(JUnitTestClassExecutor.java:58)
	at org.gradle.api.internal.tasks.testing.junit.JUnitTestClassExecutor.execute(JUnitTestClassExecutor.java:38)
	at org.gradle.api.internal.tasks.testing.junit.AbstractJUnitTestClassProcessor.processTestClass(AbstractJUnitTestClassProcessor.java:66)
	at org.gradle.api.internal.tasks.testing.SuiteTestClassProcessor.processTestClass(SuiteTestClassProcessor.java:51)
	at sun.reflect.NativeMethodAccessorImpl.invoke0(Native Method)
	at sun.reflect.NativeMethodAccessorImpl.invoke(NativeMethodAccessorImpl.java:62)
	at sun.reflect.DelegatingMethodAccessorImpl.invoke(DelegatingMethodAccessorImpl.java:43)
	at java.lang.reflect.Method.invoke(Method.java:498)
	at org.gradle.internal.dispatch.ReflectionDispatch.dispatch(ReflectionDispatch.java:35)
	at org.gradle.internal.dispatch.ReflectionDispatch.dispatch(ReflectionDispatch.java:24)
	at org.gradle.internal.dispatch.ContextClassLoaderDispatch.dispatch(ContextClassLoaderDispatch.java:32)
	at org.gradle.internal.dispatch.ProxyDispatchAdapter$DispatchingInvocationHandler.invoke(ProxyDispatchAdapter.java:93)
	at com.sun.proxy.$Proxy1.processTestClass(Unknown Source)
	at org.gradle.api.internal.tasks.testing.worker.TestWorker.processTestClass(TestWorker.java:109)
	at sun.reflect.NativeMethodAccessorImpl.invoke0(Native Method)
	at sun.reflect.NativeMethodAccessorImpl.invoke(NativeMethodAccessorImpl.java:62)
	at sun.reflect.DelegatingMethodAccessorImpl.invoke(DelegatingMethodAccessorImpl.java:43)
	at java.lang.reflect.Method.invoke(Method.java:498)
	at org.gradle.internal.dispatch.ReflectionDispatch.dispatch(ReflectionDispatch.java:35)
	at org.gradle.internal.dispatch.ReflectionDispatch.dispatch(ReflectionDispatch.java:24)
	at org.gradle.internal.remote.internal.hub.MessageHubBackedObjectConnection$DispatchWrapper.dispatch(MessageHubBackedObjectConnection.java:155)
	at org.gradle.internal.remote.internal.hub.MessageHubBackedObjectConnection$DispatchWrapper.dispatch(MessageHubBackedObjectConnection.java:137)
	at org.gradle.internal.remote.internal.hub.MessageHub$Handler.run(MessageHub.java:404)
	at org.gradle.internal.concurrent.ExecutorPolicy$CatchAndRecordFailures.onExecute(ExecutorPolicy.java:63)
	at org.gradle.internal.concurrent.ManagedExecutorImpl$1.run(ManagedExecutorImpl.java:46)
	at java.util.concurrent.ThreadPoolExecutor.runWorker(ThreadPoolExecutor.java:1149)
	at java.util.concurrent.ThreadPoolExecutor$Worker.run(ThreadPoolExecutor.java:624)
	at org.gradle.internal.concurrent.ThreadFactoryImpl$ManagedThreadRunnable.run(ThreadFactoryImpl.java:55)
	at java.lang.Thread.run(Thread.java:748)
Caused by: org.springframework.beans.factory.UnsatisfiedDependencyException: Error creating bean with name 'appointmentController': Unsatisfied dependency expressed through field 'appointmentService'; nested exception is org.springframework.beans.factory.UnsatisfiedDependencyException: Error creating bean with name 'appointmentService': Unsatisfied dependency expressed through field 'appointmentsRepository'; nested exception is org.springframework.beans.factory.NoSuchBeanDefinitionException: No qualifying bean of type 'ee.bcs.valiit.trikad.data.AppointmentsRepository' available: expected at least 1 bean which qualifies as autowire candidate. Dependency annotations: {@org.springframework.beans.factory.annotation.Autowired(required=true)}
	at org.springframework.beans.factory.annotation.AutowiredAnnotationBeanPostProcessor$AutowiredFieldElement.inject(AutowiredAnnotationBeanPostProcessor.java:586)
	at org.springframework.beans.factory.annotation.InjectionMetadata.inject(InjectionMetadata.java:91)
	at org.springframework.beans.factory.annotation.AutowiredAnnotationBeanPostProcessor.postProcessPropertyValues(AutowiredAnnotationBeanPostProcessor.java:372)
	at org.springframework.beans.factory.support.AbstractAutowireCapableBeanFactory.populateBean(AbstractAutowireCapableBeanFactory.java:1341)
	at org.springframework.beans.factory.support.AbstractAutowireCapableBeanFactory.doCreateBean(AbstractAutowireCapableBeanFactory.java:572)
	at org.springframework.beans.factory.support.AbstractAutowireCapableBeanFactory.createBean(AbstractAutowireCapableBeanFactory.java:495)
	at org.springframework.beans.factory.support.AbstractBeanFactory.lambda$doGetBean$0(AbstractBeanFactory.java:317)
	at org.springframework.beans.factory.support.DefaultSingletonBeanRegistry.getSingleton(DefaultSingletonBeanRegistry.java:222)
	at org.springframework.beans.factory.support.AbstractBeanFactory.doGetBean(AbstractBeanFactory.java:315)
	at org.springframework.beans.factory.support.AbstractBeanFactory.getBean(AbstractBeanFactory.java:199)
	at org.springframework.beans.factory.support.DefaultListableBeanFactory.preInstantiateSingletons(DefaultListableBeanFactory.java:759)
	at org.springframework.context.support.AbstractApplicationContext.finishBeanFactoryInitialization(AbstractApplicationContext.java:869)
	at org.springframework.context.support.AbstractApplicationContext.refresh(AbstractApplicationContext.java:550)
	at org.springframework.boot.SpringApplication.refresh(SpringApplication.java:762)
	at org.springframework.boot.SpringApplication.refreshContext(SpringApplication.java:398)
	at org.springframework.boot.SpringApplication.run(SpringApplication.java:330)
	at org.springframework.boot.test.context.SpringBootContextLoader.loadContext(SpringBootContextLoader.java:139)
	at org.springframework.test.context.cache.DefaultCacheAwareContextLoaderDelegate.loadContextInternal(DefaultCacheAwareContextLoaderDelegate.java:99)
	at org.springframework.test.context.cache.DefaultCacheAwareContextLoaderDelegate.loadContext(DefaultCacheAwareContextLoaderDelegate.java:117)
	... 49 more
Caused by: org.springframework.beans.factory.UnsatisfiedDependencyException: Error creating bean with name 'appointmentService': Unsatisfied dependency expressed through field 'appointmentsRepository'; nested exception is org.springframework.beans.factory.NoSuchBeanDefinitionException: No qualifying bean of type 'ee.bcs.valiit.trikad.data.AppointmentsRepository' available: expected at least 1 bean which qualifies as autowire candidate. Dependency annotations: {@org.springframework.beans.factory.annotation.Autowired(required=true)}
	at org.springframework.beans.factory.annotation.AutowiredAnnotationBeanPostProcessor$AutowiredFieldElement.inject(AutowiredAnnotationBeanPostProcessor.java:586)
	at org.springframework.beans.factory.annotation.InjectionMetadata.inject(InjectionMetadata.java:91)
	at org.springframework.beans.factory.annotation.AutowiredAnnotationBeanPostProcessor.postProcessPropertyValues(AutowiredAnnotationBeanPostProcessor.java:372)
	at org.springframework.beans.factory.support.AbstractAutowireCapableBeanFactory.populateBean(AbstractAutowireCapableBeanFactory.java:1341)
	at org.springframework.beans.factory.support.AbstractAutowireCapableBeanFactory.doCreateBean(AbstractAutowireCapableBeanFactory.java:572)
	at org.springframework.beans.factory.support.AbstractAutowireCapableBeanFactory.createBean(AbstractAutowireCapableBeanFactory.java:495)
	at org.springframework.beans.factory.support.AbstractBeanFactory.lambda$doGetBean$0(AbstractBeanFactory.java:317)
	at org.springframework.beans.factory.support.DefaultSingletonBeanRegistry.getSingleton(DefaultSingletonBeanRegistry.java:222)
	at org.springframework.beans.factory.support.AbstractBeanFactory.doGetBean(AbstractBeanFactory.java:315)
	at org.springframework.beans.factory.support.AbstractBeanFactory.getBean(AbstractBeanFactory.java:199)
	at org.springframework.beans.factory.config.DependencyDescriptor.resolveCandidate(DependencyDescriptor.java:251)
	at org.springframework.beans.factory.support.DefaultListableBeanFactory.doResolveDependency(DefaultListableBeanFactory.java:1135)
	at org.springframework.beans.factory.support.DefaultListableBeanFactory.resolveDependency(DefaultListableBeanFactory.java:1062)
	at org.springframework.beans.factory.annotation.AutowiredAnnotationBeanPostProcessor$AutowiredFieldElement.inject(AutowiredAnnotationBeanPostProcessor.java:583)
	... 67 more
Caused by: org.springframework.beans.factory.NoSuchBeanDefinitionException: No qualifying bean of type 'ee.bcs.valiit.trikad.data.AppointmentsRepository' available: expected at least 1 bean which qualifies as autowire candidate. Dependency annotations: {@org.springframework.beans.factory.annotation.Autowired(required=true)}
	at org.springframework.beans.factory.support.DefaultListableBeanFactory.raiseNoMatchingBeanFound(DefaultListableBeanFactory.java:1506)
	at org.springframework.beans.factory.support.DefaultListableBeanFactory.doResolveDependency(DefaultListableBeanFactory.java:1101)
	at org.springframework.beans.factory.support.DefaultListableBeanFactory.resolveDependency(DefaultListableBeanFactory.java:1062)
	at org.springframework.beans.factory.annotation.AutowiredAnnotationBeanPostProcessor$AutowiredFieldElement.inject(AutowiredAnnotationBeanPostProcessor.java:583)
	... 80 more
</failure>
  </testcase>
  <system-out><![CDATA[20:33:58.843 [Test worker] DEBUG org.springframework.test.context.junit4.SpringJUnit4ClassRunner - SpringJUnit4ClassRunner constructor called with [class ee.bcs.valiit.trikad.TrikadApplicationTests]
20:33:58.874 [Test worker] DEBUG org.springframework.test.context.BootstrapUtils - Instantiating CacheAwareContextLoaderDelegate from class [org.springframework.test.context.cache.DefaultCacheAwareContextLoaderDelegate]
20:33:58.890 [Test worker] DEBUG org.springframework.test.context.BootstrapUtils - Instantiating BootstrapContext using constructor [public org.springframework.test.context.support.DefaultBootstrapContext(java.lang.Class,org.springframework.test.context.CacheAwareContextLoaderDelegate)]
20:33:58.936 [Test worker] DEBUG org.springframework.test.context.BootstrapUtils - Instantiating TestContextBootstrapper for test class [ee.bcs.valiit.trikad.TrikadApplicationTests] from class [org.springframework.boot.test.context.SpringBootTestContextBootstrapper]
20:33:58.968 [Test worker] INFO org.springframework.boot.test.context.SpringBootTestContextBootstrapper - Neither @ContextConfiguration nor @ContextHierarchy found for test class [ee.bcs.valiit.trikad.TrikadApplicationTests], using SpringBootContextLoader
20:33:58.983 [Test worker] DEBUG org.springframework.test.context.support.AbstractContextLoader - Did not detect default resource location for test class [ee.bcs.valiit.trikad.TrikadApplicationTests]: class path resource [ee/bcs/valiit/trikad/TrikadApplicationTests-context.xml] does not exist
20:33:58.983 [Test worker] DEBUG org.springframework.test.context.support.AbstractContextLoader - Did not detect default resource location for test class [ee.bcs.valiit.trikad.TrikadApplicationTests]: class path resource [ee/bcs/valiit/trikad/TrikadApplicationTestsContext.groovy] does not exist
20:33:58.983 [Test worker] INFO org.springframework.test.context.support.AbstractContextLoader - Could not detect default resource locations for test class [ee.bcs.valiit.trikad.TrikadApplicationTests]: no resource found for suffixes {-context.xml, Context.groovy}.
20:33:58.983 [Test worker] INFO org.springframework.test.context.support.AnnotationConfigContextLoaderUtils - Could not detect default configuration classes for test class [ee.bcs.valiit.trikad.TrikadApplicationTests]: TrikadApplicationTests does not declare any static, non-private, non-final, nested classes annotated with @Configuration.
20:33:59.093 [Test worker] DEBUG org.springframework.test.context.support.ActiveProfilesUtils - Could not find an 'annotation declaring class' for annotation type [org.springframework.test.context.ActiveProfiles] and class [ee.bcs.valiit.trikad.TrikadApplicationTests]
20:33:59.124 [Test worker] DEBUG org.springframework.core.env.StandardEnvironment - Adding PropertySource 'systemProperties' with lowest search precedence
20:33:59.124 [Test worker] DEBUG org.springframework.core.env.StandardEnvironment - Adding PropertySource 'systemEnvironment' with lowest search precedence
20:33:59.124 [Test worker] DEBUG org.springframework.core.env.StandardEnvironment - Initialized StandardEnvironment with PropertySources [MapPropertySource@832030942 {name='systemProperties', properties={java.runtime.name=Java(TM) SE Runtime Environment, sun.boot.library.path=C:\Program Files\Java\jdk1.8.0_181\jre\bin, java.vm.version=25.181-b13, java.vm.vendor=Oracle Corporation, java.vendor.url=http://java.oracle.com/, path.separator=;, java.vm.name=Java HotSpot(TM) 64-Bit Server VM, file.encoding.pkg=sun.io, user.script=, sun.java.launcher=SUN_STANDARD, user.country=EE, sun.os.patch.level=, java.vm.specification.name=Java Virtual Machine Specification, user.dir=C:\Users\triin\Desktop\ValiIT\FinalProject\trikad_uus, java.runtime.version=1.8.0_181-b13, java.awt.graphicsenv=sun.awt.Win32GraphicsEnvironment, java.endorsed.dirs=C:\Program Files\Java\jdk1.8.0_181\jre\lib\endorsed, os.arch=amd64, java.io.tmpdir=C:\Users\triin\AppData\Local\Temp\, line.separator=
, java.vm.specification.vendor=Oracle Corporation, user.variant=, os.name=Windows 10, sun.jnu.encoding=Cp1252, java.library.path=C:\Program Files\Java\jdk1.8.0_181\bin;C:\WINDOWS\Sun\Java\bin;C:\WINDOWS\system32;C:\WINDOWS;C:\Program Files (x86)\Common Files\Oracle\Java\javapath;c:\Rtools\bin;c:\Rtools\mingw_32\bin;C:\ProgramData\Oracle\Java\javapath;C:\WINDOWS\system32;C:\WINDOWS;C:\WINDOWS\System32\Wbem;C:\WINDOWS\System32\WindowsPowerShell\v1.0\;C:\Program Files\Samsung\AllShare Framework DMS\1.3.23\;C:\Program Files\Samsung\AllShare Framework DMS\1.3.23\64bit\;C:\Program Files (x86)\Brackets\command;C:\Program Files (x86)\SDL International\SDLX;C:\MySQL\bin;C:\Program Files (x86)\Microsoft SQL Server\110\Tools\Binn\;C:\Program Files\Microsoft SQL Server\110\Tools\Binn\;C:\Program Files\Microsoft SQL Server\110\DTS\Binn\;C:\Program Files\MiKTeX 2.9\miktex\bin\x64\;C:\Program Files (x86)\IVI Foundation\VISA\WinNT\Bin\;C:\Program Files\IVI Foundation\VISA\Win64\Bin\;H:\MATLAB\runtime\win64;H:\MATLAB\bin;C:\Program Files (x86)\QuickTime\QTSystem\;C:\WINDOWS\System32\OpenSSH\;C:\Program Files (x86)\Microsoft SQL Server\Client SDK\ODBC\110\Tools\Binn\;C:\Program Files (x86)\Microsoft SQL Server\120\Tools\Binn\;C:\Program Files (x86)\Microsoft SQL Server\120\DTS\Binn\;C:\Program Files\PuTTY\;C:\Program Files\Java\jdk1.8.0_181\bin;C:\Program Files\nodejs\;C:\Program Files\Apache Software Foundation\apache-maven-3.5.4/\bin;C:\Users\triin\scoop\shims;C:\Users\triin\AppData\Local\Programs\Python\Python36-32\Scripts\;C:\Users\triin\AppData\Local\Programs\Python\Python36-32\;C:\Users\triin\AppData\Local\Microsoft\WindowsApps;C:\Users\triin\AppData\Roaming\npm;., java.specification.name=Java Platform API Specification, java.class.version=52.0, org.gradle.native=false, sun.management.compiler=HotSpot 64-Bit Tiered Compilers, os.version=10.0, user.home=C:\Users\triin, user.timezone=Europe/Helsinki, java.awt.printerjob=sun.awt.windows.WPrinterJob, file.encoding=windows-1252, java.specification.version=1.8, java.class.path=C:\Users\triin\Desktop\ValiIT\FinalProject\trikad_uus\build\classes\java\test;C:\Users\triin\Desktop\ValiIT\FinalProject\trikad_uus\build\resources\test;C:\Users\triin\Desktop\ValiIT\FinalProject\trikad_uus\build\classes\java\main;C:\Users\triin\Desktop\ValiIT\FinalProject\trikad_uus\build\resources\main;C:\Users\triin\.gradle\caches\modules-2\files-2.1\org.springframework.boot\spring-boot-starter-cache\2.0.4.RELEASE\1a22112810040d1842837036175e06efd2ca9075\spring-boot-starter-cache-2.0.4.RELEASE.jar;C:\Users\triin\.gradle\caches\modules-2\files-2.1\org.springframework.boot\spring-boot-starter-data-jpa\2.0.4.RELEASE\69970d3a7c353d8e727e2c6b2a9e621114f5e089\spring-boot-starter-data-jpa-2.0.4.RELEASE.jar;C:\Users\triin\.gradle\caches\modules-2\files-2.1\org.springframework.boot\spring-boot-starter-data-rest\2.0.4.RELEASE\80995933154e4ec3225bbb0dc7ff2a400c734869\spring-boot-starter-data-rest-2.0.4.RELEASE.jar;C:\Users\triin\.gradle\caches\modules-2\files-2.1\org.springframework.boot\spring-boot-starter-integration\2.0.4.RELEASE\e34a52c5fcdd588432a55376055486c4a9f46d15\spring-boot-starter-integration-2.0.4.RELEASE.jar;C:\Users\triin\.gradle\caches\modules-2\files-2.1\org.springframework.boot\spring-boot-starter-security\2.0.4.RELEASE\2ac314e5985fd9ae0d2acaea450f4f6c3dbd7f92\spring-boot-starter-security-2.0.4.RELEASE.jar;C:\Users\triin\.gradle\caches\modules-2\files-2.1\org.springframework.boot\spring-boot-starter-thymeleaf\2.0.4.RELEASE\2efe5275b5f69d82a6aef962bc1f044791d9259f\spring-boot-starter-thymeleaf-2.0.4.RELEASE.jar;C:\Users\triin\.gradle\caches\modules-2\files-2.1\org.springframework.boot\spring-boot-starter-validation\2.0.4.RELEASE\6dc53d3c88543861f538d781f83feea1a59a41c\spring-boot-starter-validation-2.0.4.RELEASE.jar;C:\Users\triin\.gradle\caches\modules-2\files-2.1\org.springframework.boot\spring-boot-starter-web-services\2.0.4.RELEASE\820a0355fa4557293867c81695f29160edfd9667\spring-boot-starter-web-services-2.0.4.RELEASE.jar;C:\Users\triin\.gradle\caches\modules-2\files-2.1\org.apache.cxf\cxf-spring-boot-starter-jaxrs\3.2.5\6f88a589e5b4fc8f756f39420af3857369235bb9\cxf-spring-boot-starter-jaxrs-3.2.5.jar;C:\Users\triin\.gradle\caches\modules-2\files-2.1\org.springframework.boot\spring-boot-starter-web\2.0.4.RELEASE\98d49e981ecf804da877d84259b7b0d1ec2fb6f6\spring-boot-starter-web-2.0.4.RELEASE.jar;C:\Users\triin\.gradle\caches\modules-2\files-2.1\org.springframework.boot\spring-boot-starter-webflux\2.0.4.RELEASE\a52fcd02fb6129e14f2b4b36acc5748368563c93\spring-boot-starter-webflux-2.0.4.RELEASE.jar;C:\Users\triin\.gradle\caches\modules-2\files-2.1\org.springframework.session\spring-session-core\2.0.5.RELEASE\f2f9175405ce59139dbe9a74590ff1816fdb8315\spring-session-core-2.0.5.RELEASE.jar;C:\Users\triin\.gradle\caches\modules-2\files-2.1\postgresql\postgresql\9.1-901-1.jdbc4\9bfabe48876ec38f6cbaa6931bad05c64a9ea942\postgresql-9.1-901-1.jdbc4.jar;C:\Users\triin\.gradle\caches\modules-2\files-2.1\javax.servlet\servlet-api\2.5\5959582d97d8b61f4d154ca9e495aafd16726e34\servlet-api-2.5.jar;C:\Users\triin\.gradle\caches\modules-2\files-2.1\org.springframework.boot\spring-boot-starter-tomcat\2.0.4.RELEASE\dcf28989a34b0801fea0e810c371fb9dab1e7784\spring-boot-starter-tomcat-2.0.4.RELEASE.jar;C:\Users\triin\.gradle\caches\modules-2\files-2.1\org.springframework.boot\spring-boot-gradle-plugin\2.0.4.RELEASE\48ac858154e01f7ce1f0336da995ba5d6903f786\spring-boot-gradle-plugin-2.0.4.RELEASE.pom;C:\Users\triin\.gradle\caches\modules-2\files-2.1\org.postgresql\postgresql\42.2.4\dff98730c28a4b3a3263f0cf4abb9a3392f815a7\postgresql-42.2.4.jar;C:\Users\triin\.gradle\caches\modules-2\files-2.1\org.springframework.boot\spring-boot-starter-test\2.0.4.RELEASE\8f473705d2742b669f0318f10a956f94a93ba3d2\spring-boot-starter-test-2.0.4.RELEASE.jar;C:\Users\triin\.gradle\caches\modules-2\files-2.1\io.projectreactor\reactor-test\3.1.8.RELEASE\e9f798e2f85e322535068ebc33a0ed8b72a3fea2\reactor-test-3.1.8.RELEASE.jar;C:\Users\triin\.gradle\caches\modules-2\files-2.1\org.springframework.security\spring-security-test\5.0.7.RELEASE\a74c9ab10d53baa3bb7a731753fe0c6d9ab9d848\spring-security-test-5.0.7.RELEASE.jar;C:\Users\triin\.gradle\caches\modules-2\files-2.1\org.springframework.boot\spring-boot-starter-aop\2.0.4.RELEASE\5e963eb965b72e113a05351c482e3d613f04e59d\spring-boot-starter-aop-2.0.4.RELEASE.jar;C:\Users\triin\.gradle\caches\modules-2\files-2.1\org.springframework.boot\spring-boot-starter-jdbc\2.0.4.RELEASE\3e9b13a3bee8b8f9b2b9fde4f9e9aac0ccf2b3ba\spring-boot-starter-jdbc-2.0.4.RELEASE.jar;C:\Users\triin\.gradle\caches\modules-2\files-2.1\org.springframework.boot\spring-boot-starter-json\2.0.4.RELEASE\c7afabf0d7c85db178da4ce0634e3bd2ddb0eb71\spring-boot-starter-json-2.0.4.RELEASE.jar;C:\Users\triin\.gradle\caches\modules-2\files-2.1\org.springframework.boot\spring-boot-starter\2.0.4.RELEASE\ec46c63a2adeee40058eff1a6baefca13975dc94\spring-boot-starter-2.0.4.RELEASE.jar;C:\Users\triin\.gradle\caches\modules-2\files-2.1\org.springframework\spring-context-support\5.0.8.RELEASE\5dcf539175f6c965bd878e4928db50e4c6c82014\spring-context-support-5.0.8.RELEASE.jar;C:\Users\triin\.gradle\caches\modules-2\files-2.1\org.springframework.data\spring-data-jpa\2.0.9.RELEASE\30acb36f682367d93ed400b4324fe2559f0fcb\spring-data-jpa-2.0.9.RELEASE.jar;C:\Users\triin\.gradle\caches\modules-2\files-2.1\org.springframework.integration\spring-integration-core\5.0.7.RELEASE\f27ab56fca436cbed33f76d8a06bfa286266282f\spring-integration-core-5.0.7.RELEASE.jar;C:\Users\triin\.gradle\caches\modules-2\files-2.1\org.springframework.security\spring-security-config\5.0.7.RELEASE\d702e01048687db4ec6c97fb32d28ffbe348b3e\spring-security-config-5.0.7.RELEASE.jar;C:\Users\triin\.gradle\caches\modules-2\files-2.1\org.springframework.security\spring-security-web\5.0.7.RELEASE\bab3ed579d4550bb5cc40b0a7fddd0106db7c66\spring-security-web-5.0.7.RELEASE.jar;C:\Users\triin\.gradle\caches\modules-2\files-2.1\org.springframework.data\spring-data-rest-webmvc\3.0.9.RELEASE\be1a40a7adf16c40f5bfaafc325d2badfd5aa33c\spring-data-rest-webmvc-3.0.9.RELEASE.jar;C:\Users\triin\.gradle\caches\modules-2\files-2.1\org.springframework.ws\spring-ws-core\3.0.3.RELEASE\9175b57d3335b1815d65ca8183ab0ce4f69904e1\spring-ws-core-3.0.3.RELEASE.jar;C:\Users\triin\.gradle\caches\modules-2\files-2.1\org.springframework.data\spring-data-rest-core\3.0.9.RELEASE\bb4a1bba0f9706f2e02a3205eab525e326968a12\spring-data-rest-core-3.0.9.RELEASE.jar;C:\Users\triin\.gradle\caches\modules-2\files-2.1\org.springframework.hateoas\spring-hateoas\0.25.0.RELEASE\22d1abd575426709734ab83e7d81d6deb4addbf6\spring-hateoas-0.25.0.RELEASE.jar;C:\Users\triin\.gradle\caches\modules-2\files-2.1\org.springframework\spring-webmvc\5.0.8.RELEASE\7e5fe57590ca8e4468e50fe1d92b0b67aa4a327a\spring-webmvc-5.0.8.RELEASE.jar;C:\Users\triin\.gradle\caches\modules-2\files-2.1\org.springframework.security\spring-security-core\5.0.7.RELEASE\40a0c57af6b4c3f8c611216d2579c6ab19672694\spring-security-core-5.0.7.RELEASE.jar;C:\Users\triin\.gradle\caches\modules-2\files-2.1\org.springframework.boot\spring-boot-test-autoconfigure\2.0.4.RELEASE\8a2e3f31e607fdb08deda2f59263ce177f1c4310\spring-boot-test-autoconfigure-2.0.4.RELEASE.jar;C:\Users\triin\.gradle\caches\modules-2\files-2.1\org.springframework.boot\spring-boot-test\2.0.4.RELEASE\8a17fc3cf16b6d75f2ba132ade04409a670095de\spring-boot-test-2.0.4.RELEASE.jar;C:\Users\triin\.gradle\caches\modules-2\files-2.1\org.apache.cxf\cxf-spring-boot-autoconfigure\3.2.5\5742ec0e15559c1e1033ecdff72b14e5f9e2e1da\cxf-spring-boot-autoconfigure-3.2.5.jar;C:\Users\triin\.gradle\caches\modules-2\files-2.1\org.springframework.boot\spring-boot-autoconfigure\2.0.4.RELEASE\65cd1244d606acc02ab7bfc47a203a3fe2400dda\spring-boot-autoconfigure-2.0.4.RELEASE.jar;C:\Users\triin\.gradle\caches\modules-2\files-2.1\org.springframework.boot\spring-boot\2.0.4.RELEASE\c8619c5b06d4dcdb4cac1e5e9c839e6e8b1c8574\spring-boot-2.0.4.RELEASE.jar;C:\Users\triin\.gradle\caches\modules-2\files-2.1\org.springframework.ws\spring-xml\3.0.3.RELEASE\22933f459b5d6a7a3c2c71578df004846571b26e\spring-xml-3.0.3.RELEASE.jar;C:\Users\triin\.gradle\caches\modules-2\files-2.1\org.springframework.plugin\spring-plugin-core\1.2.0.RELEASE\f380e7760032e7d929184f8ad8a33716b75c0657\spring-plugin-core-1.2.0.RELEASE.jar;C:\Users\triin\.gradle\caches\modules-2\files-2.1\org.springframework\spring-context\5.0.8.RELEASE\3a067d8990761111c9b6d1d895640be26cc1fb38\spring-context-5.0.8.RELEASE.jar;C:\Users\triin\.gradle\caches\modules-2\files-2.1\org.hibernate\hibernate-core\5.2.17.Final\f2dc36470e7a2ffcf6106bb1625ecf5b54bb5f65\hibernate-core-5.2.17.Final.jar;C:\Users\triin\.gradle\caches\modules-2\files-2.1\javax.transaction\javax.transaction-api\1.2\d81aff979d603edd90dcd8db2abc1f4ce6479e3e\javax.transaction-api-1.2.jar;C:\Users\triin\.gradle\caches\modules-2\files-2.1\org.springframework\spring-aspects\5.0.8.RELEASE\e66926466b8c72658d7e536923041dc93976baf3\spring-aspects-5.0.8.RELEASE.jar;C:\Users\triin\.gradle\caches\modules-2\files-2.1\org.springframework\spring-aop\5.0.8.RELEASE\f5086c1a3185c481104511837427b39a07a57aa2\spring-aop-5.0.8.RELEASE.jar;C:\Users\triin\.gradle\caches\modules-2\files-2.1\org.thymeleaf\thymeleaf-spring5\3.0.9.RELEASE\abf84efd83808a70d982d2790f7f3a7bd3a39cf4\thymeleaf-spring5-3.0.9.RELEASE.jar;C:\Users\triin\.gradle\caches\modules-2\files-2.1\org.thymeleaf.extras\thymeleaf-extras-java8time\3.0.1.RELEASE\d23760d1e53cd70c489ef40dc94ee6bd2371cceb\thymeleaf-extras-java8time-3.0.1.RELEASE.jar;C:\Users\triin\.gradle\caches\modules-2\files-2.1\org.apache.tomcat.embed\tomcat-embed-el\8.5.32\e4fd0ee015d83fa1c5ec93ff1d05bdaf9a4480c5\tomcat-embed-el-8.5.32.jar;C:\Users\triin\.gradle\caches\modules-2\files-2.1\org.hibernate.validator\hibernate-validator\6.0.11.Final\36f9d10a11e4768f55e8fb91ebe4338a5c43954e\hibernate-validator-6.0.11.Final.jar;C:\Users\triin\.gradle\caches\modules-2\files-2.1\org.springframework\spring-webflux\5.0.8.RELEASE\d16ce1cf6f95771e821619d6ef13c1f0333fafb\spring-webflux-5.0.8.RELEASE.jar;C:\Users\triin\.gradle\caches\modules-2\files-2.1\org.springframework\spring-web\5.0.8.RELEASE\fa43cdadb4ab2491fd1d0ddb06c0808e4b60fc85\spring-web-5.0.8.RELEASE.jar;C:\Users\triin\.gradle\caches\modules-2\files-2.1\org.springframework\spring-oxm\5.0.8.RELEASE\b61de143e9e4d65226b9e5a5eea3798e279525e5\spring-oxm-5.0.8.RELEASE.jar;C:\Users\triin\.gradle\caches\modules-2\files-2.1\org.springframework.boot\spring-boot-starter-reactor-netty\2.0.4.RELEASE\ed4ac88f7fc699a9cbb6ee804a26e2e30239ca35\spring-boot-starter-reactor-netty-2.0.4.RELEASE.jar;C:\Users\triin\.gradle\caches\modules-2\files-2.1\org.synchronoss.cloud\nio-multipart-parser\1.1.0\c6c417fec6612584b1c34d4dd98c5a4e47e8c754\nio-multipart-parser-1.1.0.jar;C:\Users\triin\.gradle\caches\modules-2\files-2.1\org.apache.cxf\cxf-rt-rs-client\3.2.5\9a2fb46779c819fd8c1f0ecfeb0d76162da7a084\cxf-rt-rs-client-3.2.5.jar;C:\Users\triin\.gradle\caches\modules-2\files-2.1\org.apache.cxf\cxf-rt-frontend-jaxrs\3.2.5\18eaaa3c72afbea2854d5ef1b60dabd8f4c41e7\cxf-rt-frontend-jaxrs-3.2.5.jar;C:\Users\triin\.gradle\caches\modules-2\files-2.1\org.apache.cxf\cxf-rt-transports-http\3.2.5\57d6a6c9f8c756c3346f65814137c3b79179dd94\cxf-rt-transports-http-3.2.5.jar;C:\Users\triin\.gradle\caches\modules-2\files-2.1\javax.validation\validation-api\2.0.1.Final\cb855558e6271b1b32e716d24cb85c7f583ce09e\validation-api-2.0.1.Final.jar;C:\Users\triin\.gradle\caches\modules-2\files-2.1\org.springframework\spring-test\5.0.8.RELEASE\5782619373bd7e7b7d9106203c317b04bb613ebb\spring-test-5.0.8.RELEASE.jar;C:\Users\triin\.gradle\caches\modules-2\files-2.1\org.springframework\spring-orm\5.0.8.RELEASE\4da63072d1ed6a2eb4bc0a4c8da5e09f39b5021e\spring-orm-5.0.8.RELEASE.jar;C:\Users\triin\.gradle\caches\modules-2\files-2.1\org.springframework\spring-jdbc\5.0.8.RELEASE\efcf5f0ccaaa9deec2d9133c9d6bfbb7e55370ff\spring-jdbc-5.0.8.RELEASE.jar;C:\Users\triin\.gradle\caches\modules-2\files-2.1\org.springframework\spring-tx\5.0.8.RELEASE\b6488db6192f71bd682a13b9d42127307631c616\spring-tx-5.0.8.RELEASE.jar;C:\Users\triin\.gradle\caches\modules-2\files-2.1\org.springframework\spring-messaging\5.0.8.RELEASE\596f16f9ace848595a36db08cfbc63f81069e1cc\spring-messaging-5.0.8.RELEASE.jar;C:\Users\triin\.gradle\caches\modules-2\files-2.1\org.springframework.data\spring-data-commons\2.0.9.RELEASE\9c8f3ea29c9dd6e4c41876c46e9f5f4987390beb\spring-data-commons-2.0.9.RELEASE.jar;C:\Users\triin\.gradle\caches\modules-2\files-2.1\org.springframework\spring-beans\5.0.8.RELEASE\5fc965d3e7f5515099244857a8ae9e2a208c169b\spring-beans-5.0.8.RELEASE.jar;C:\Users\triin\.gradle\caches\modules-2\files-2.1\org.springframework\spring-expression\5.0.8.RELEASE\f23158f22c917df2cddf2ecebc398a9e95f95fae\spring-expression-5.0.8.RELEASE.jar;C:\Users\triin\.gradle\caches\modules-2\files-2.1\org.springframework\spring-core\5.0.8.RELEASE\dc39c49e3246cdf73d3786ac41119140aed3fa08\spring-core-5.0.8.RELEASE.jar;C:\Users\triin\.gradle\caches\modules-2\files-2.1\org.springframework\spring-jcl\5.0.8.RELEASE\a1fa8fb560fb252321776e16bc9ac8201af4ef5e\spring-jcl-5.0.8.RELEASE.jar;C:\Users\triin\.gradle\caches\modules-2\files-2.1\javax.annotation\javax.annotation-api\1.3.2\934c04d3cfef185a8008e7bf34331b79730a9d43\javax.annotation-api-1.3.2.jar;C:\Users\triin\.gradle\caches\modules-2\files-2.1\org.apache.tomcat.embed\tomcat-embed-websocket\8.5.32\ea5302e378f1449d4e5dda79e8d810c1e7931f91\tomcat-embed-websocket-8.5.32.jar;C:\Users\triin\.gradle\caches\modules-2\files-2.1\org.apache.tomcat.embed\tomcat-embed-core\8.5.32\6bc6896200146010cc4666bdc6b9b0cbb453ee22\tomcat-embed-core-8.5.32.jar;C:\Users\triin\.gradle\caches\modules-2\files-2.1\com.jayway.jsonpath\json-path\2.4.0\765a4401ceb2dc8d40553c2075eb80a8fa35c2ae\json-path-2.4.0.jar;C:\Users\triin\.gradle\caches\modules-2\files-2.1\junit\junit\4.12\2973d150c0dc1fefe998f834810d68f278ea58ec\junit-4.12.jar;C:\Users\triin\.gradle\caches\modules-2\files-2.1\org.assertj\assertj-core\3.9.1\c5ce126b15f28d56cd8f960c1a6a058b9c9aea87\assertj-core-3.9.1.jar;C:\Users\triin\.gradle\caches\modules-2\files-2.1\org.mockito\mockito-core\2.15.0\b84bfbbc29cd22c9529409627af6ea2897f4fa85\mockito-core-2.15.0.jar;C:\Users\triin\.gradle\caches\modules-2\files-2.1\org.hamcrest\hamcrest-library\1.3\4785a3c21320980282f9f33d0d1264a69040538f\hamcrest-library-1.3.jar;C:\Users\triin\.gradle\caches\modules-2\files-2.1\org.hamcrest\hamcrest-core\1.3\42a25dc3219429f0e5d060061f71acb49bf010a0\hamcrest-core-1.3.jar;C:\Users\triin\.gradle\caches\modules-2\files-2.1\org.skyscreamer\jsonassert\1.5.0\6c9d5fe2f59da598d9aefc1cfc6528ff3cf32df3\jsonassert-1.5.0.jar;C:\Users\triin\.gradle\caches\modules-2\files-2.1\org.xmlunit\xmlunit-core\2.5.1\4ffdb346572a7356f7521cd3119ce5287d2e339d\xmlunit-core-2.5.1.jar;C:\Users\triin\.gradle\caches\modules-2\files-2.1\io.projectreactor.ipc\reactor-netty\0.7.8.RELEASE\fe25c7d3042b6005690f7d243cef987b696a12ee\reactor-netty-0.7.8.RELEASE.jar;C:\Users\triin\.gradle\caches\modules-2\files-2.1\io.projectreactor\reactor-core\3.1.8.RELEASE\3bcc30f9161d3d17abe44b4aa20e397e5170566e\reactor-core-3.1.8.RELEASE.jar;C:\Users\triin\.gradle\caches\modules-2\files-2.1\org.springframework.boot\spring-boot-starter-logging\2.0.4.RELEASE\dcd1a2c431c970f44adae64d9145133979a513ab\spring-boot-starter-logging-2.0.4.RELEASE.jar;C:\Users\triin\.gradle\caches\modules-2\files-2.1\org.yaml\snakeyaml\1.19\2d998d3d674b172a588e54ab619854d073f555b5\snakeyaml-1.19.jar;C:\Users\triin\.gradle\caches\modules-2\files-2.1\org.aspectj\aspectjweaver\1.8.13\ad94df2a28d658a40dc27bbaff6a1ce5fbf04e9b\aspectjweaver-1.8.13.jar;C:\Users\triin\.gradle\caches\modules-2\files-2.1\com.zaxxer\HikariCP\2.7.9\a83113d2c091d0d0f853dad3217bd7df3beb6ae3\HikariCP-2.7.9.jar;C:\Users\triin\.gradle\caches\modules-2\files-2.1\org.hibernate.common\hibernate-commons-annotations\5.0.1.Final\71e1cff3fcb20d3b3af4f3363c3ddb24d33c6879\hibernate-commons-annotations-5.0.1.Final.jar;C:\Users\triin\.gradle\caches\modules-2\files-2.1\org.jboss.logging\jboss-logging\3.3.2.Final\3789d00e859632e6c6206adc0c71625559e6e3b0\jboss-logging-3.3.2.Final.jar;C:\Users\triin\.gradle\caches\modules-2\files-2.1\org.hibernate.javax.persistence\hibernate-jpa-2.1-api\1.0.2.Final\52afb5762c704a6b586e27742470c08f91877fc1\hibernate-jpa-2.1-api-1.0.2.Final.jar;C:\Users\triin\.gradle\caches\modules-2\files-2.1\org.javassist\javassist\3.22.0-GA\3e83394258ae2089be7219b971ec21a8288528ad\javassist-3.22.0-GA.jar;C:\Users\triin\.gradle\caches\modules-2\files-2.1\antlr\antlr\2.7.7\83cd2cd674a217ade95a4bb83a8a14f351f48bd0\antlr-2.7.7.jar;C:\Users\triin\.gradle\caches\modules-2\files-2.1\org.jboss\jandex\2.0.3.Final\bfc4d6257dbff7a33a357f0de116be6ff951d849\jandex-2.0.3.Final.jar;C:\Users\triin\.gradle\caches\modules-2\files-2.1\com.fasterxml\classmate\1.3.4\3d5f48f10bbe4eb7bd862f10c0583be2e0053c6\classmate-1.3.4.jar;C:\Users\triin\.gradle\caches\modules-2\files-2.1\dom4j\dom4j\1.6.1\5d3ccc056b6f056dbf0dddfdf43894b9065a8f94\dom4j-1.6.1.jar;C:\Users\triin\.gradle\caches\modules-2\files-2.1\org.thymeleaf\thymeleaf\3.0.9.RELEASE\64185cca50ac808ad034841c84b4013f955465d2\thymeleaf-3.0.9.RELEASE.jar;C:\Users\triin\.gradle\caches\modules-2\files-2.1\org.synchronoss.cloud\nio-stream-storage\1.1.3\986dba5f6e5eed20f0dba6ddc8e8a64a9ebdc2f3\nio-stream-storage-1.1.3.jar;C:\Users\triin\.gradle\caches\modules-2\files-2.1\ch.qos.logback\logback-classic\1.2.3\7c4f3c474fb2c041d8028740440937705ebb473a\logback-classic-1.2.3.jar;C:\Users\triin\.gradle\caches\modules-2\files-2.1\org.apache.logging.log4j\log4j-to-slf4j\2.10.0\f7e631ccf49cfc0aefa4a2a728da7d374c05bd3c\log4j-to-slf4j-2.10.0.jar;C:\Users\triin\.gradle\caches\modules-2\files-2.1\org.slf4j\jul-to-slf4j\1.7.25\af5364cd6679bfffb114f0dec8a157aaa283b76\jul-to-slf4j-1.7.25.jar;C:\Users\triin\.gradle\caches\modules-2\files-2.1\org.slf4j\slf4j-api\1.7.25\da76ca59f6a57ee3102f8f9bd9cee742973efa8a\slf4j-api-1.7.25.jar;C:\Users\triin\.gradle\caches\modules-2\files-2.1\com.fasterxml.jackson.datatype\jackson-datatype-jdk8\2.9.6\456895fc91bf7180b216fead220373e6278230c9\jackson-datatype-jdk8-2.9.6.jar;C:\Users\triin\.gradle\caches\modules-2\files-2.1\com.fasterxml.jackson.datatype\jackson-datatype-jsr310\2.9.6\ea54f6193d224e5e5732bbd4262327eb465397c2\jackson-datatype-jsr310-2.9.6.jar;C:\Users\triin\.gradle\caches\modules-2\files-2.1\com.fasterxml.jackson.module\jackson-module-parameter-names\2.9.6\129acd77a4b6ee30d62d3a0899b1344c8ec2bff8\jackson-module-parameter-names-2.9.6.jar;C:\Users\triin\.gradle\caches\modules-2\files-2.1\com.fasterxml.jackson.core\jackson-databind\2.9.6\cfa4f316351a91bfd95cb0644c6a2c95f52db1fc\jackson-databind-2.9.6.jar;C:\Users\triin\.gradle\caches\modules-2\files-2.1\com.fasterxml.jackson.core\jackson-annotations\2.9.0\7c10d545325e3a6e72e06381afe469fd40eb701\jackson-annotations-2.9.0.jar;C:\Users\triin\.gradle\caches\modules-2\files-2.1\org.springframework.retry\spring-retry\1.2.2.RELEASE\638928732585c450e461f0a132b6834ad7cf3af0\spring-retry-1.2.2.RELEASE.jar;C:\Users\triin\.gradle\caches\modules-2\files-2.1\commons-io\commons-io\2.5\2852e6e05fbb95076fc091f6d1780f1f8fe35e0f\commons-io-2.5.jar;C:\Users\triin\.gradle\caches\modules-2\files-2.1\org.apache.cxf\cxf-core\3.2.5\97ef733f24a22275974b78f557a70334508f9404\cxf-core-3.2.5.jar;C:\Users\triin\.gradle\caches\modules-2\files-2.1\javax.ws.rs\javax.ws.rs-api\2.1\426a0862406536e690c7caa8bb6ed32191986fac\javax.ws.rs-api-2.1.jar;C:\Users\triin\.gradle\caches\modules-2\files-2.1\net.minidev\json-smart\2.3\7396407491352ce4fa30de92efb158adb76b5b\json-smart-2.3.jar;C:\Users\triin\.gradle\caches\modules-2\files-2.1\net.bytebuddy\byte-buddy\1.7.11\f02857a4e2c66ccbe7aaad6100a0a6c461bce9b3\byte-buddy-1.7.11.jar;C:\Users\triin\.gradle\caches\modules-2\files-2.1\net.bytebuddy\byte-buddy-agent\1.7.11\b425a8933ca07edd03c6dbc8bc3b595fba9780de\byte-buddy-agent-1.7.11.jar;C:\Users\triin\.gradle\caches\modules-2\files-2.1\org.objenesis\objenesis\2.6\639033469776fd37c08358c6b92a4761feb2af4b\objenesis-2.6.jar;C:\Users\triin\.gradle\caches\modules-2\files-2.1\com.vaadin.external.google\android-json\0.0.20131108.vaadin1\fa26d351fe62a6a17f5cda1287c1c6110dec413f\android-json-0.0.20131108.vaadin1.jar;C:\Users\triin\.gradle\caches\modules-2\files-2.1\org.reactivestreams\reactive-streams\1.0.2\323964c36556eb0e6209f65c1cef72b53b461ab8\reactive-streams-1.0.2.jar;C:\Users\triin\.gradle\caches\modules-2\files-2.1\com.fasterxml.jackson.core\jackson-core\2.9.6\4e393793c37c77e042ccc7be5a914ae39251b365\jackson-core-2.9.6.jar;C:\Users\triin\.gradle\caches\modules-2\files-2.1\org.atteo\evo-inflector\1.2.2\2551aad98d65ac5464d81fe05f0e1516cfe471c9\evo-inflector-1.2.2.jar;C:\Users\triin\.gradle\caches\modules-2\files-2.1\org.attoparser\attoparser\2.0.4.RELEASE\5cf02c4d8303a81f0c80971bb1dcd40d3ba96009\attoparser-2.0.4.RELEASE.jar;C:\Users\triin\.gradle\caches\modules-2\files-2.1\org.unbescape\unbescape\1.1.5.RELEASE\46dc644ea9c234317d926ebac5bf5d8f114dc1ba\unbescape-1.1.5.RELEASE.jar;C:\Users\triin\.gradle\caches\modules-2\files-2.1\io.netty\netty-handler-proxy\4.1.27.Final\1a822ce7760bc6eb4937b7e448c9e081fedcc807\netty-handler-proxy-4.1.27.Final.jar;C:\Users\triin\.gradle\caches\modules-2\files-2.1\io.netty\netty-codec-http\4.1.27.Final\a1722d6bcbbef1c4c7877e8bf38b07a3db5ed07f\netty-codec-http-4.1.27.Final.jar;C:\Users\triin\.gradle\caches\modules-2\files-2.1\io.netty\netty-handler\4.1.27.Final\21bd9cf565390a8d72579b8664303e3c175dfc6a\netty-handler-4.1.27.Final.jar;C:\Users\triin\.gradle\caches\modules-2\files-2.1\io.netty\netty-transport-native-epoll\4.1.27.Final\8c3a61a7dd53eafe2f0fe31356f1379598f74517\netty-transport-native-epoll-4.1.27.Final-linux-x86_64.jar;C:\Users\triin\.gradle\caches\modules-2\files-2.1\com.fasterxml.woodstox\woodstox-core\5.0.3\10aa199207fda142eff01cd61c69244877d71770\woodstox-core-5.0.3.jar;C:\Users\triin\.gradle\caches\modules-2\files-2.1\org.apache.ws.xmlschema\xmlschema-core\2.2.3\920a9a3132f925554ae8432d9473c8806734a8ec\xmlschema-core-2.2.3.jar;C:\Users\triin\.gradle\caches\modules-2\files-2.1\net.minidev\accessors-smart\1.2\c592b500269bfde36096641b01238a8350f8aa31\accessors-smart-1.2.jar;C:\Users\triin\.gradle\caches\modules-2\files-2.1\ch.qos.logback\logback-core\1.2.3\864344400c3d4d92dfeb0a305dc87d953677c03c\logback-core-1.2.3.jar;C:\Users\triin\.gradle\caches\modules-2\files-2.1\org.apache.logging.log4j\log4j-api\2.10.0\fec5797a55b786184a537abd39c3fa1449d752d6\log4j-api-2.10.0.jar;C:\Users\triin\.gradle\caches\modules-2\files-2.1\io.netty\netty-codec-socks\4.1.27.Final\285b09af98764cf02e4b77b3d95af188469a7133\netty-codec-socks-4.1.27.Final.jar;C:\Users\triin\.gradle\caches\modules-2\files-2.1\io.netty\netty-codec\4.1.27.Final\d2653d78ebaa650064768fb26b10051f5c8efb2c\netty-codec-4.1.27.Final.jar;C:\Users\triin\.gradle\caches\modules-2\files-2.1\io.netty\netty-transport-native-unix-common\4.1.27.Final\2b0667fe5c1df78c6cfbf9d53ad8b1fb533fb8e8\netty-transport-native-unix-common-4.1.27.Final.jar;C:\Users\triin\.gradle\caches\modules-2\files-2.1\io.netty\netty-transport\4.1.27.Final\b5c2da3ea89dd67320925f1504c9eb3615241b7c\netty-transport-4.1.27.Final.jar;C:\Users\triin\.gradle\caches\modules-2\files-2.1\io.netty\netty-buffer\4.1.27.Final\aafe2b9fb0d8f3b200cf10b9fd6486c6a722d7a1\netty-buffer-4.1.27.Final.jar;C:\Users\triin\.gradle\caches\modules-2\files-2.1\io.netty\netty-resolver\4.1.27.Final\2536447ef9605ccb2b5203aa22392c6514484ea9\netty-resolver-4.1.27.Final.jar;C:\Users\triin\.gradle\caches\modules-2\files-2.1\io.netty\netty-common\4.1.27.Final\6a12a969c27fb37b230c4bde5a67bd822fa6b7a4\netty-common-4.1.27.Final.jar;C:\Users\triin\.gradle\caches\modules-2\files-2.1\org.codehaus.woodstox\stax2-api\3.1.4\ac19014b1e6a7c08aad07fe114af792676b685b7\stax2-api-3.1.4.jar;C:\Users\triin\.gradle\caches\modules-2\files-2.1\org.ow2.asm\asm\5.0.4\da08b8cce7bbf903602a25a3a163ae252435795\asm-5.0.4.jar, user.name=triin, java.vm.specification.version=1.8, sun.java.command=worker.org.gradle.process.internal.worker.GradleWorkerMain 'Gradle Test Executor 5', java.home=C:\Program Files\Java\jdk1.8.0_181\jre, sun.arch.data.model=64, user.language=et, java.specification.vendor=Oracle Corporation, awt.toolkit=sun.awt.windows.WToolkit, java.vm.info=mixed mode, java.version=1.8.0_181, java.ext.dirs=C:\Program Files\Java\jdk1.8.0_181\jre\lib\ext;C:\WINDOWS\Sun\Java\lib\ext, sun.boot.class.path=C:\Program Files\Java\jdk1.8.0_181\jre\lib\resources.jar;C:\Program Files\Java\jdk1.8.0_181\jre\lib\rt.jar;C:\Program Files\Java\jdk1.8.0_181\jre\lib\sunrsasign.jar;C:\Program Files\Java\jdk1.8.0_181\jre\lib\jsse.jar;C:\Program Files\Java\jdk1.8.0_181\jre\lib\jce.jar;C:\Program Files\Java\jdk1.8.0_181\jre\lib\charsets.jar;C:\Program Files\Java\jdk1.8.0_181\jre\lib\jfr.jar;C:\Program Files\Java\jdk1.8.0_181\jre\classes, java.vendor=Oracle Corporation, org.gradle.test.worker=5, file.separator=\, java.vendor.url.bug=http://bugreport.sun.com/bugreport/, sun.io.unicode.encoding=UnicodeLittle, sun.cpu.endian=little, sun.desktop=windows, sun.cpu.isalist=amd64}}, SystemEnvironmentPropertySource@783168264 {name='systemEnvironment', properties={USERDOMAIN_ROAMINGPROFILE=DESKTOP-99F7BOC, LOCALAPPDATA=C:\Users\triin\AppData\Local, PROCESSOR_LEVEL=6, USERDOMAIN=DESKTOP-99F7BOC, FPS_BROWSER_APP_PROFILE_STRING=Internet Explorer, LOGONSERVER=\\DESKTOP-99F7BOC, JAVA_HOME=C:\Program Files\Java\jdk1.8.0_181, SESSIONNAME=Console, ALLUSERSPROFILE=C:\ProgramData, PROCESSOR_ARCHITECTURE=AMD64, PSModulePath=C:\WINDOWS\system32\WindowsPowerShell\v1.0\Modules\;C:\Program Files (x86)\Microsoft SQL Server\110\Tools\PowerShell\Modules\;C:\Program Files (x86)\Microsoft SQL Server\120\Tools\PowerShell\Modules\, SystemDrive=C:, asl.log=Destination=file, MAVEN_HOME=C:\Program Files\Apache Software Foundation\apache-maven-3.5.4/, OneDrive=C:\Users\triin\OneDrive, APPDATA=C:\Users\triin\AppData\Roaming, USERNAME=triin, ProgramFiles(x86)=C:\Program Files (x86), VBOX_MSI_INSTALL_PATH=C:\Program Files\Oracle\VirtualBox\, CommonProgramFiles=C:\Program Files\Common Files, Path=C:\Program Files (x86)\Common Files\Oracle\Java\javapath;c:\Rtools\bin;c:\Rtools\mingw_32\bin;C:\ProgramData\Oracle\Java\javapath;C:\WINDOWS\system32;C:\WINDOWS;C:\WINDOWS\System32\Wbem;C:\WINDOWS\System32\WindowsPowerShell\v1.0\;C:\Program Files\Samsung\AllShare Framework DMS\1.3.23\;C:\Program Files\Samsung\AllShare Framework DMS\1.3.23\64bit\;C:\Program Files (x86)\Brackets\command;C:\Program Files (x86)\SDL International\SDLX;C:\MySQL\bin;C:\Program Files (x86)\Microsoft SQL Server\110\Tools\Binn\;C:\Program Files\Microsoft SQL Server\110\Tools\Binn\;C:\Program Files\Microsoft SQL Server\110\DTS\Binn\;C:\Program Files\MiKTeX 2.9\miktex\bin\x64\;C:\Program Files (x86)\IVI Foundation\VISA\WinNT\Bin\;C:\Program Files\IVI Foundation\VISA\Win64\Bin\;H:\MATLAB\runtime\win64;H:\MATLAB\bin;C:\Program Files (x86)\QuickTime\QTSystem\;C:\WINDOWS\System32\OpenSSH\;C:\Program Files (x86)\Microsoft SQL Server\Client SDK\ODBC\110\Tools\Binn\;C:\Program Files (x86)\Microsoft SQL Server\120\Tools\Binn\;C:\Program Files (x86)\Microsoft SQL Server\120\DTS\Binn\;C:\Program Files\PuTTY\;C:\Program Files\Java\jdk1.8.0_181\bin;C:\Program Files\nodejs\;C:\Program Files\Apache Software Foundation\apache-maven-3.5.4/\bin;C:\Users\triin\scoop\shims;C:\Users\triin\AppData\Local\Programs\Python\Python36-32\Scripts\;C:\Users\triin\AppData\Local\Programs\Python\Python36-32\;C:\Users\triin\AppData\Local\Microsoft\WindowsApps;C:\Users\triin\AppData\Roaming\npm, PROG27B48B2C051=1, FPS_BROWSER_USER_PROFILE_STRING=Default, VXIPNPPATH64=C:\Program Files\IVI Foundation\VISA\, PATHEXT=.COM;.EXE;.BAT;.CMD;.VBS;.VBE;.JS;.JSE;.WSF;.WSH;.MSC;.PY, DriverData=C:\Windows\System32\Drivers\DriverData, OS=Windows_NT, COMPUTERNAME=DESKTOP-99F7BOC, PROCESSOR_REVISION=2a07, CommonProgramW6432=C:\Program Files\Common Files, ComSpec=C:\WINDOWS\system32\cmd.exe, ProgramData=C:\ProgramData, ProgramW6432=C:\Program Files, HOMEPATH=\Users\triin, SystemRoot=C:\WINDOWS, TEMP=C:\Users\triin\AppData\Local\Temp, ESET_OPTIONS=                                                                                                                                                                                                                                                                                                                                                                                                                                                                                                                               , HOMEDRIVE=C:, PROCESSOR_IDENTIFIER=Intel64 Family 6 Model 42 Stepping 7, GenuineIntel, USERPROFILE=C:\Users\triin, TMP=C:\Users\triin\AppData\Local\Temp, CommonProgramFiles(x86)=C:\Program Files (x86)\Common Files, ProgramFiles=C:\Program Files, PUBLIC=C:\Users\Public, NUMBER_OF_PROCESSORS=4, windir=C:\WINDOWS, =::=::\}}]
20:33:59.171 [Test worker] DEBUG org.springframework.core.io.support.PathMatchingResourcePatternResolver - Resolved classpath location [ee/bcs/valiit/trikad/] to resources [URL [file:/C:/Users/triin/Desktop/ValiIT/FinalProject/trikad_uus/build/classes/java/test/ee/bcs/valiit/trikad/], URL [file:/C:/Users/triin/Desktop/ValiIT/FinalProject/trikad_uus/build/classes/java/main/ee/bcs/valiit/trikad/]]
20:33:59.171 [Test worker] DEBUG org.springframework.core.io.support.PathMatchingResourcePatternResolver - Looking for matching resources in directory tree [C:\Users\triin\Desktop\ValiIT\FinalProject\trikad_uus\build\classes\java\test\ee\bcs\valiit\trikad]
20:33:59.171 [Test worker] DEBUG org.springframework.core.io.support.PathMatchingResourcePatternResolver - Searching directory [C:\Users\triin\Desktop\ValiIT\FinalProject\trikad_uus\build\classes\java\test\ee\bcs\valiit\trikad] for files matching pattern [C:/Users/triin/Desktop/ValiIT/FinalProject/trikad_uus/build/classes/java/test/ee/bcs/valiit/trikad/*.class]
20:33:59.186 [Test worker] DEBUG org.springframework.core.io.support.PathMatchingResourcePatternResolver - Looking for matching resources in directory tree [C:\Users\triin\Desktop\ValiIT\FinalProject\trikad_uus\build\classes\java\main\ee\bcs\valiit\trikad]
20:33:59.186 [Test worker] DEBUG org.springframework.core.io.support.PathMatchingResourcePatternResolver - Searching directory [C:\Users\triin\Desktop\ValiIT\FinalProject\trikad_uus\build\classes\java\main\ee\bcs\valiit\trikad] for files matching pattern [C:/Users/triin/Desktop/ValiIT/FinalProject/trikad_uus/build/classes/java/main/ee/bcs/valiit/trikad/*.class]
20:33:59.186 [Test worker] DEBUG org.springframework.core.io.support.PathMatchingResourcePatternResolver - Resolved location pattern [classpath*:ee/bcs/valiit/trikad/*.class] to resources [file [C:\Users\triin\Desktop\ValiIT\FinalProject\trikad_uus\build\classes\java\test\ee\bcs\valiit\trikad\TrikadApplicationTests.class], file [C:\Users\triin\Desktop\ValiIT\FinalProject\trikad_uus\build\classes\java\main\ee\bcs\valiit\trikad\TrikadApplication.class]]
20:33:59.358 [Test worker] DEBUG org.springframework.context.annotation.ClassPathScanningCandidateComponentProvider - Identified candidate component class: file [C:\Users\triin\Desktop\ValiIT\FinalProject\trikad_uus\build\classes\java\main\ee\bcs\valiit\trikad\TrikadApplication.class]
20:33:59.358 [Test worker] INFO org.springframework.boot.test.context.SpringBootTestContextBootstrapper - Found @SpringBootConfiguration ee.bcs.valiit.trikad.TrikadApplication for test class ee.bcs.valiit.trikad.TrikadApplicationTests
20:33:59.718 [Test worker] DEBUG org.springframework.boot.test.context.SpringBootTestContextBootstrapper - @TestExecutionListeners is not present for class [ee.bcs.valiit.trikad.TrikadApplicationTests]: using defaults.
20:33:59.718 [Test worker] INFO org.springframework.boot.test.context.SpringBootTestContextBootstrapper - Loaded default TestExecutionListener class names from location [META-INF/spring.factories]: [org.springframework.security.test.context.support.WithSecurityContextTestExecutionListener, org.springframework.security.test.context.support.ReactorContextTestExecutionListener, org.springframework.boot.test.autoconfigure.restdocs.RestDocsTestExecutionListener, org.springframework.boot.test.autoconfigure.web.client.MockRestServiceServerResetTestExecutionListener, org.springframework.boot.test.autoconfigure.web.servlet.MockMvcPrintOnlyOnFailureTestExecutionListener, org.springframework.boot.test.autoconfigure.web.servlet.WebDriverTestExecutionListener, org.springframework.boot.test.mock.mockito.MockitoTestExecutionListener, org.springframework.boot.test.mock.mockito.ResetMocksTestExecutionListener, org.springframework.test.context.web.ServletTestExecutionListener, org.springframework.test.context.support.DirtiesContextBeforeModesTestExecutionListener, org.springframework.test.context.support.DependencyInjectionTestExecutionListener, org.springframework.test.context.support.DirtiesContextTestExecutionListener, org.springframework.test.context.transaction.TransactionalTestExecutionListener, org.springframework.test.context.jdbc.SqlScriptsTestExecutionListener]
20:33:59.780 [Test worker] INFO org.springframework.boot.test.context.SpringBootTestContextBootstrapper - Using TestExecutionListeners: [org.springframework.test.context.web.ServletTestExecutionListener@4decd8d8, org.springframework.test.context.support.DirtiesContextBeforeModesTestExecutionListener@1f0cfd64, org.springframework.boot.test.mock.mockito.MockitoTestExecutionListener@150ccc1f, org.springframework.boot.test.autoconfigure.SpringBootDependencyInjectionTestExecutionListener@535fa773, org.springframework.test.context.support.DirtiesContextTestExecutionListener@785e8fd8, org.springframework.test.context.transaction.TransactionalTestExecutionListener@41aa6a, org.springframework.test.context.jdbc.SqlScriptsTestExecutionListener@735ef249, org.springframework.security.test.context.support.WithSecurityContextTestExecutionListener@5d14a76e, org.springframework.security.test.context.support.ReactorContextTestExecutionListener@5138c35b, org.springframework.boot.test.autoconfigure.restdocs.RestDocsTestExecutionListener@5c2721ec, org.springframework.boot.test.autoconfigure.web.client.MockRestServiceServerResetTestExecutionListener@586f5c9b, org.springframework.boot.test.autoconfigure.web.servlet.MockMvcPrintOnlyOnFailureTestExecutionListener@20b8bf2f, org.springframework.boot.test.autoconfigure.web.servlet.WebDriverTestExecutionListener@370d8278, org.springframework.boot.test.mock.mockito.ResetMocksTestExecutionListener@5240fd34]
20:33:59.796 [Test worker] DEBUG org.springframework.test.annotation.ProfileValueUtils - Retrieved @ProfileValueSourceConfiguration [null] for test class [ee.bcs.valiit.trikad.TrikadApplicationTests]
20:33:59.796 [Test worker] DEBUG org.springframework.test.annotation.ProfileValueUtils - Retrieved ProfileValueSource type [class org.springframework.test.annotation.SystemProfileValueSource] for class [ee.bcs.valiit.trikad.TrikadApplicationTests]
20:33:59.796 [Test worker] DEBUG org.springframework.test.annotation.ProfileValueUtils - Retrieved @ProfileValueSourceConfiguration [null] for test class [ee.bcs.valiit.trikad.TrikadApplicationTests]
20:33:59.796 [Test worker] DEBUG org.springframework.test.annotation.ProfileValueUtils - Retrieved ProfileValueSource type [class org.springframework.test.annotation.SystemProfileValueSource] for class [ee.bcs.valiit.trikad.TrikadApplicationTests]
20:33:59.796 [Test worker] DEBUG org.springframework.test.context.support.AbstractDirtiesContextTestExecutionListener - Before test class: context [DefaultTestContext@1027043e testClass = TrikadApplicationTests, testInstance = [null], testMethod = [null], testException = [null], mergedContextConfiguration = [WebMergedContextConfiguration@63b15c5d testClass = TrikadApplicationTests, locations = '{}', classes = '{class ee.bcs.valiit.trikad.TrikadApplication}', contextInitializerClasses = '[]', activeProfiles = '{}', propertySourceLocations = '{}', propertySourceProperties = '{org.springframework.boot.test.context.SpringBootTestContextBootstrapper=true}', contextCustomizers = set[org.springframework.boot.test.autoconfigure.properties.PropertyMappingContextCustomizer@0, org.springframework.boot.test.autoconfigure.web.servlet.WebDriverContextCustomizerFactory$Customizer@7c475ac2, org.springframework.boot.test.context.filter.ExcludeFilterContextCustomizer@306c0f46, org.springframework.boot.test.json.DuplicateJsonObjectContextCustomizerFactory$DuplicateJsonObjectContextCustomizer@3f68606d, org.springframework.boot.test.mock.mockito.MockitoContextCustomizer@0, org.springframework.boot.test.web.client.TestRestTemplateContextCustomizer@422fb744, org.springframework.boot.test.web.reactive.server.WebTestClientContextCustomizer@2fe5335b], resourceBasePath = 'src/main/webapp', contextLoader = 'org.springframework.boot.test.context.SpringBootContextLoader', parent = [null]], attributes = map['org.springframework.test.context.web.ServletTestExecutionListener.activateListener' -> true]], class annotated with @DirtiesContext [false] with mode [null].
20:33:59.811 [Test worker] DEBUG org.springframework.test.annotation.ProfileValueUtils - Retrieved @ProfileValueSourceConfiguration [null] for test class [ee.bcs.valiit.trikad.TrikadApplicationTests]
20:33:59.811 [Test worker] DEBUG org.springframework.test.annotation.ProfileValueUtils - Retrieved ProfileValueSource type [class org.springframework.test.annotation.SystemProfileValueSource] for class [ee.bcs.valiit.trikad.TrikadApplicationTests]
20:33:59.858 [Test worker] DEBUG org.springframework.core.env.StandardEnvironment - Adding PropertySource 'systemProperties' with lowest search precedence
20:33:59.858 [Test worker] DEBUG org.springframework.core.env.StandardEnvironment - Adding PropertySource 'systemEnvironment' with lowest search precedence
20:33:59.858 [Test worker] DEBUG org.springframework.core.env.StandardEnvironment - Initialized StandardEnvironment with PropertySources [MapPropertySource@1191797183 {name='systemProperties', properties={java.runtime.name=Java(TM) SE Runtime Environment, sun.boot.library.path=C:\Program Files\Java\jdk1.8.0_181\jre\bin, java.vm.version=25.181-b13, java.vm.vendor=Oracle Corporation, java.vendor.url=http://java.oracle.com/, path.separator=;, java.vm.name=Java HotSpot(TM) 64-Bit Server VM, file.encoding.pkg=sun.io, user.script=, sun.java.launcher=SUN_STANDARD, user.country=EE, sun.os.patch.level=, java.vm.specification.name=Java Virtual Machine Specification, user.dir=C:\Users\triin\Desktop\ValiIT\FinalProject\trikad_uus, java.runtime.version=1.8.0_181-b13, java.awt.graphicsenv=sun.awt.Win32GraphicsEnvironment, java.endorsed.dirs=C:\Program Files\Java\jdk1.8.0_181\jre\lib\endorsed, os.arch=amd64, java.io.tmpdir=C:\Users\triin\AppData\Local\Temp\, line.separator=
, java.vm.specification.vendor=Oracle Corporation, user.variant=, os.name=Windows 10, sun.jnu.encoding=Cp1252, java.library.path=C:\Program Files\Java\jdk1.8.0_181\bin;C:\WINDOWS\Sun\Java\bin;C:\WINDOWS\system32;C:\WINDOWS;C:\Program Files (x86)\Common Files\Oracle\Java\javapath;c:\Rtools\bin;c:\Rtools\mingw_32\bin;C:\ProgramData\Oracle\Java\javapath;C:\WINDOWS\system32;C:\WINDOWS;C:\WINDOWS\System32\Wbem;C:\WINDOWS\System32\WindowsPowerShell\v1.0\;C:\Program Files\Samsung\AllShare Framework DMS\1.3.23\;C:\Program Files\Samsung\AllShare Framework DMS\1.3.23\64bit\;C:\Program Files (x86)\Brackets\command;C:\Program Files (x86)\SDL International\SDLX;C:\MySQL\bin;C:\Program Files (x86)\Microsoft SQL Server\110\Tools\Binn\;C:\Program Files\Microsoft SQL Server\110\Tools\Binn\;C:\Program Files\Microsoft SQL Server\110\DTS\Binn\;C:\Program Files\MiKTeX 2.9\miktex\bin\x64\;C:\Program Files (x86)\IVI Foundation\VISA\WinNT\Bin\;C:\Program Files\IVI Foundation\VISA\Win64\Bin\;H:\MATLAB\runtime\win64;H:\MATLAB\bin;C:\Program Files (x86)\QuickTime\QTSystem\;C:\WINDOWS\System32\OpenSSH\;C:\Program Files (x86)\Microsoft SQL Server\Client SDK\ODBC\110\Tools\Binn\;C:\Program Files (x86)\Microsoft SQL Server\120\Tools\Binn\;C:\Program Files (x86)\Microsoft SQL Server\120\DTS\Binn\;C:\Program Files\PuTTY\;C:\Program Files\Java\jdk1.8.0_181\bin;C:\Program Files\nodejs\;C:\Program Files\Apache Software Foundation\apache-maven-3.5.4/\bin;C:\Users\triin\scoop\shims;C:\Users\triin\AppData\Local\Programs\Python\Python36-32\Scripts\;C:\Users\triin\AppData\Local\Programs\Python\Python36-32\;C:\Users\triin\AppData\Local\Microsoft\WindowsApps;C:\Users\triin\AppData\Roaming\npm;., java.specification.name=Java Platform API Specification, java.class.version=52.0, org.gradle.native=false, sun.management.compiler=HotSpot 64-Bit Tiered Compilers, os.version=10.0, user.home=C:\Users\triin, user.timezone=Europe/Helsinki, java.awt.printerjob=sun.awt.windows.WPrinterJob, file.encoding=windows-1252, java.specification.version=1.8, java.class.path=C:\Users\triin\Desktop\ValiIT\FinalProject\trikad_uus\build\classes\java\test;C:\Users\triin\Desktop\ValiIT\FinalProject\trikad_uus\build\resources\test;C:\Users\triin\Desktop\ValiIT\FinalProject\trikad_uus\build\classes\java\main;C:\Users\triin\Desktop\ValiIT\FinalProject\trikad_uus\build\resources\main;C:\Users\triin\.gradle\caches\modules-2\files-2.1\org.springframework.boot\spring-boot-starter-cache\2.0.4.RELEASE\1a22112810040d1842837036175e06efd2ca9075\spring-boot-starter-cache-2.0.4.RELEASE.jar;C:\Users\triin\.gradle\caches\modules-2\files-2.1\org.springframework.boot\spring-boot-starter-data-jpa\2.0.4.RELEASE\69970d3a7c353d8e727e2c6b2a9e621114f5e089\spring-boot-starter-data-jpa-2.0.4.RELEASE.jar;C:\Users\triin\.gradle\caches\modules-2\files-2.1\org.springframework.boot\spring-boot-starter-data-rest\2.0.4.RELEASE\80995933154e4ec3225bbb0dc7ff2a400c734869\spring-boot-starter-data-rest-2.0.4.RELEASE.jar;C:\Users\triin\.gradle\caches\modules-2\files-2.1\org.springframework.boot\spring-boot-starter-integration\2.0.4.RELEASE\e34a52c5fcdd588432a55376055486c4a9f46d15\spring-boot-starter-integration-2.0.4.RELEASE.jar;C:\Users\triin\.gradle\caches\modules-2\files-2.1\org.springframework.boot\spring-boot-starter-security\2.0.4.RELEASE\2ac314e5985fd9ae0d2acaea450f4f6c3dbd7f92\spring-boot-starter-security-2.0.4.RELEASE.jar;C:\Users\triin\.gradle\caches\modules-2\files-2.1\org.springframework.boot\spring-boot-starter-thymeleaf\2.0.4.RELEASE\2efe5275b5f69d82a6aef962bc1f044791d9259f\spring-boot-starter-thymeleaf-2.0.4.RELEASE.jar;C:\Users\triin\.gradle\caches\modules-2\files-2.1\org.springframework.boot\spring-boot-starter-validation\2.0.4.RELEASE\6dc53d3c88543861f538d781f83feea1a59a41c\spring-boot-starter-validation-2.0.4.RELEASE.jar;C:\Users\triin\.gradle\caches\modules-2\files-2.1\org.springframework.boot\spring-boot-starter-web-services\2.0.4.RELEASE\820a0355fa4557293867c81695f29160edfd9667\spring-boot-starter-web-services-2.0.4.RELEASE.jar;C:\Users\triin\.gradle\caches\modules-2\files-2.1\org.apache.cxf\cxf-spring-boot-starter-jaxrs\3.2.5\6f88a589e5b4fc8f756f39420af3857369235bb9\cxf-spring-boot-starter-jaxrs-3.2.5.jar;C:\Users\triin\.gradle\caches\modules-2\files-2.1\org.springframework.boot\spring-boot-starter-web\2.0.4.RELEASE\98d49e981ecf804da877d84259b7b0d1ec2fb6f6\spring-boot-starter-web-2.0.4.RELEASE.jar;C:\Users\triin\.gradle\caches\modules-2\files-2.1\org.springframework.boot\spring-boot-starter-webflux\2.0.4.RELEASE\a52fcd02fb6129e14f2b4b36acc5748368563c93\spring-boot-starter-webflux-2.0.4.RELEASE.jar;C:\Users\triin\.gradle\caches\modules-2\files-2.1\org.springframework.session\spring-session-core\2.0.5.RELEASE\f2f9175405ce59139dbe9a74590ff1816fdb8315\spring-session-core-2.0.5.RELEASE.jar;C:\Users\triin\.gradle\caches\modules-2\files-2.1\postgresql\postgresql\9.1-901-1.jdbc4\9bfabe48876ec38f6cbaa6931bad05c64a9ea942\postgresql-9.1-901-1.jdbc4.jar;C:\Users\triin\.gradle\caches\modules-2\files-2.1\javax.servlet\servlet-api\2.5\5959582d97d8b61f4d154ca9e495aafd16726e34\servlet-api-2.5.jar;C:\Users\triin\.gradle\caches\modules-2\files-2.1\org.springframework.boot\spring-boot-starter-tomcat\2.0.4.RELEASE\dcf28989a34b0801fea0e810c371fb9dab1e7784\spring-boot-starter-tomcat-2.0.4.RELEASE.jar;C:\Users\triin\.gradle\caches\modules-2\files-2.1\org.springframework.boot\spring-boot-gradle-plugin\2.0.4.RELEASE\48ac858154e01f7ce1f0336da995ba5d6903f786\spring-boot-gradle-plugin-2.0.4.RELEASE.pom;C:\Users\triin\.gradle\caches\modules-2\files-2.1\org.postgresql\postgresql\42.2.4\dff98730c28a4b3a3263f0cf4abb9a3392f815a7\postgresql-42.2.4.jar;C:\Users\triin\.gradle\caches\modules-2\files-2.1\org.springframework.boot\spring-boot-starter-test\2.0.4.RELEASE\8f473705d2742b669f0318f10a956f94a93ba3d2\spring-boot-starter-test-2.0.4.RELEASE.jar;C:\Users\triin\.gradle\caches\modules-2\files-2.1\io.projectreactor\reactor-test\3.1.8.RELEASE\e9f798e2f85e322535068ebc33a0ed8b72a3fea2\reactor-test-3.1.8.RELEASE.jar;C:\Users\triin\.gradle\caches\modules-2\files-2.1\org.springframework.security\spring-security-test\5.0.7.RELEASE\a74c9ab10d53baa3bb7a731753fe0c6d9ab9d848\spring-security-test-5.0.7.RELEASE.jar;C:\Users\triin\.gradle\caches\modules-2\files-2.1\org.springframework.boot\spring-boot-starter-aop\2.0.4.RELEASE\5e963eb965b72e113a05351c482e3d613f04e59d\spring-boot-starter-aop-2.0.4.RELEASE.jar;C:\Users\triin\.gradle\caches\modules-2\files-2.1\org.springframework.boot\spring-boot-starter-jdbc\2.0.4.RELEASE\3e9b13a3bee8b8f9b2b9fde4f9e9aac0ccf2b3ba\spring-boot-starter-jdbc-2.0.4.RELEASE.jar;C:\Users\triin\.gradle\caches\modules-2\files-2.1\org.springframework.boot\spring-boot-starter-json\2.0.4.RELEASE\c7afabf0d7c85db178da4ce0634e3bd2ddb0eb71\spring-boot-starter-json-2.0.4.RELEASE.jar;C:\Users\triin\.gradle\caches\modules-2\files-2.1\org.springframework.boot\spring-boot-starter\2.0.4.RELEASE\ec46c63a2adeee40058eff1a6baefca13975dc94\spring-boot-starter-2.0.4.RELEASE.jar;C:\Users\triin\.gradle\caches\modules-2\files-2.1\org.springframework\spring-context-support\5.0.8.RELEASE\5dcf539175f6c965bd878e4928db50e4c6c82014\spring-context-support-5.0.8.RELEASE.jar;C:\Users\triin\.gradle\caches\modules-2\files-2.1\org.springframework.data\spring-data-jpa\2.0.9.RELEASE\30acb36f682367d93ed400b4324fe2559f0fcb\spring-data-jpa-2.0.9.RELEASE.jar;C:\Users\triin\.gradle\caches\modules-2\files-2.1\org.springframework.integration\spring-integration-core\5.0.7.RELEASE\f27ab56fca436cbed33f76d8a06bfa286266282f\spring-integration-core-5.0.7.RELEASE.jar;C:\Users\triin\.gradle\caches\modules-2\files-2.1\org.springframework.security\spring-security-config\5.0.7.RELEASE\d702e01048687db4ec6c97fb32d28ffbe348b3e\spring-security-config-5.0.7.RELEASE.jar;C:\Users\triin\.gradle\caches\modules-2\files-2.1\org.springframework.security\spring-security-web\5.0.7.RELEASE\bab3ed579d4550bb5cc40b0a7fddd0106db7c66\spring-security-web-5.0.7.RELEASE.jar;C:\Users\triin\.gradle\caches\modules-2\files-2.1\org.springframework.data\spring-data-rest-webmvc\3.0.9.RELEASE\be1a40a7adf16c40f5bfaafc325d2badfd5aa33c\spring-data-rest-webmvc-3.0.9.RELEASE.jar;C:\Users\triin\.gradle\caches\modules-2\files-2.1\org.springframework.ws\spring-ws-core\3.0.3.RELEASE\9175b57d3335b1815d65ca8183ab0ce4f69904e1\spring-ws-core-3.0.3.RELEASE.jar;C:\Users\triin\.gradle\caches\modules-2\files-2.1\org.springframework.data\spring-data-rest-core\3.0.9.RELEASE\bb4a1bba0f9706f2e02a3205eab525e326968a12\spring-data-rest-core-3.0.9.RELEASE.jar;C:\Users\triin\.gradle\caches\modules-2\files-2.1\org.springframework.hateoas\spring-hateoas\0.25.0.RELEASE\22d1abd575426709734ab83e7d81d6deb4addbf6\spring-hateoas-0.25.0.RELEASE.jar;C:\Users\triin\.gradle\caches\modules-2\files-2.1\org.springframework\spring-webmvc\5.0.8.RELEASE\7e5fe57590ca8e4468e50fe1d92b0b67aa4a327a\spring-webmvc-5.0.8.RELEASE.jar;C:\Users\triin\.gradle\caches\modules-2\files-2.1\org.springframework.security\spring-security-core\5.0.7.RELEASE\40a0c57af6b4c3f8c611216d2579c6ab19672694\spring-security-core-5.0.7.RELEASE.jar;C:\Users\triin\.gradle\caches\modules-2\files-2.1\org.springframework.boot\spring-boot-test-autoconfigure\2.0.4.RELEASE\8a2e3f31e607fdb08deda2f59263ce177f1c4310\spring-boot-test-autoconfigure-2.0.4.RELEASE.jar;C:\Users\triin\.gradle\caches\modules-2\files-2.1\org.springframework.boot\spring-boot-test\2.0.4.RELEASE\8a17fc3cf16b6d75f2ba132ade04409a670095de\spring-boot-test-2.0.4.RELEASE.jar;C:\Users\triin\.gradle\caches\modules-2\files-2.1\org.apache.cxf\cxf-spring-boot-autoconfigure\3.2.5\5742ec0e15559c1e1033ecdff72b14e5f9e2e1da\cxf-spring-boot-autoconfigure-3.2.5.jar;C:\Users\triin\.gradle\caches\modules-2\files-2.1\org.springframework.boot\spring-boot-autoconfigure\2.0.4.RELEASE\65cd1244d606acc02ab7bfc47a203a3fe2400dda\spring-boot-autoconfigure-2.0.4.RELEASE.jar;C:\Users\triin\.gradle\caches\modules-2\files-2.1\org.springframework.boot\spring-boot\2.0.4.RELEASE\c8619c5b06d4dcdb4cac1e5e9c839e6e8b1c8574\spring-boot-2.0.4.RELEASE.jar;C:\Users\triin\.gradle\caches\modules-2\files-2.1\org.springframework.ws\spring-xml\3.0.3.RELEASE\22933f459b5d6a7a3c2c71578df004846571b26e\spring-xml-3.0.3.RELEASE.jar;C:\Users\triin\.gradle\caches\modules-2\files-2.1\org.springframework.plugin\spring-plugin-core\1.2.0.RELEASE\f380e7760032e7d929184f8ad8a33716b75c0657\spring-plugin-core-1.2.0.RELEASE.jar;C:\Users\triin\.gradle\caches\modules-2\files-2.1\org.springframework\spring-context\5.0.8.RELEASE\3a067d8990761111c9b6d1d895640be26cc1fb38\spring-context-5.0.8.RELEASE.jar;C:\Users\triin\.gradle\caches\modules-2\files-2.1\org.hibernate\hibernate-core\5.2.17.Final\f2dc36470e7a2ffcf6106bb1625ecf5b54bb5f65\hibernate-core-5.2.17.Final.jar;C:\Users\triin\.gradle\caches\modules-2\files-2.1\javax.transaction\javax.transaction-api\1.2\d81aff979d603edd90dcd8db2abc1f4ce6479e3e\javax.transaction-api-1.2.jar;C:\Users\triin\.gradle\caches\modules-2\files-2.1\org.springframework\spring-aspects\5.0.8.RELEASE\e66926466b8c72658d7e536923041dc93976baf3\spring-aspects-5.0.8.RELEASE.jar;C:\Users\triin\.gradle\caches\modules-2\files-2.1\org.springframework\spring-aop\5.0.8.RELEASE\f5086c1a3185c481104511837427b39a07a57aa2\spring-aop-5.0.8.RELEASE.jar;C:\Users\triin\.gradle\caches\modules-2\files-2.1\org.thymeleaf\thymeleaf-spring5\3.0.9.RELEASE\abf84efd83808a70d982d2790f7f3a7bd3a39cf4\thymeleaf-spring5-3.0.9.RELEASE.jar;C:\Users\triin\.gradle\caches\modules-2\files-2.1\org.thymeleaf.extras\thymeleaf-extras-java8time\3.0.1.RELEASE\d23760d1e53cd70c489ef40dc94ee6bd2371cceb\thymeleaf-extras-java8time-3.0.1.RELEASE.jar;C:\Users\triin\.gradle\caches\modules-2\files-2.1\org.apache.tomcat.embed\tomcat-embed-el\8.5.32\e4fd0ee015d83fa1c5ec93ff1d05bdaf9a4480c5\tomcat-embed-el-8.5.32.jar;C:\Users\triin\.gradle\caches\modules-2\files-2.1\org.hibernate.validator\hibernate-validator\6.0.11.Final\36f9d10a11e4768f55e8fb91ebe4338a5c43954e\hibernate-validator-6.0.11.Final.jar;C:\Users\triin\.gradle\caches\modules-2\files-2.1\org.springframework\spring-webflux\5.0.8.RELEASE\d16ce1cf6f95771e821619d6ef13c1f0333fafb\spring-webflux-5.0.8.RELEASE.jar;C:\Users\triin\.gradle\caches\modules-2\files-2.1\org.springframework\spring-web\5.0.8.RELEASE\fa43cdadb4ab2491fd1d0ddb06c0808e4b60fc85\spring-web-5.0.8.RELEASE.jar;C:\Users\triin\.gradle\caches\modules-2\files-2.1\org.springframework\spring-oxm\5.0.8.RELEASE\b61de143e9e4d65226b9e5a5eea3798e279525e5\spring-oxm-5.0.8.RELEASE.jar;C:\Users\triin\.gradle\caches\modules-2\files-2.1\org.springframework.boot\spring-boot-starter-reactor-netty\2.0.4.RELEASE\ed4ac88f7fc699a9cbb6ee804a26e2e30239ca35\spring-boot-starter-reactor-netty-2.0.4.RELEASE.jar;C:\Users\triin\.gradle\caches\modules-2\files-2.1\org.synchronoss.cloud\nio-multipart-parser\1.1.0\c6c417fec6612584b1c34d4dd98c5a4e47e8c754\nio-multipart-parser-1.1.0.jar;C:\Users\triin\.gradle\caches\modules-2\files-2.1\org.apache.cxf\cxf-rt-rs-client\3.2.5\9a2fb46779c819fd8c1f0ecfeb0d76162da7a084\cxf-rt-rs-client-3.2.5.jar;C:\Users\triin\.gradle\caches\modules-2\files-2.1\org.apache.cxf\cxf-rt-frontend-jaxrs\3.2.5\18eaaa3c72afbea2854d5ef1b60dabd8f4c41e7\cxf-rt-frontend-jaxrs-3.2.5.jar;C:\Users\triin\.gradle\caches\modules-2\files-2.1\org.apache.cxf\cxf-rt-transports-http\3.2.5\57d6a6c9f8c756c3346f65814137c3b79179dd94\cxf-rt-transports-http-3.2.5.jar;C:\Users\triin\.gradle\caches\modules-2\files-2.1\javax.validation\validation-api\2.0.1.Final\cb855558e6271b1b32e716d24cb85c7f583ce09e\validation-api-2.0.1.Final.jar;C:\Users\triin\.gradle\caches\modules-2\files-2.1\org.springframework\spring-test\5.0.8.RELEASE\5782619373bd7e7b7d9106203c317b04bb613ebb\spring-test-5.0.8.RELEASE.jar;C:\Users\triin\.gradle\caches\modules-2\files-2.1\org.springframework\spring-orm\5.0.8.RELEASE\4da63072d1ed6a2eb4bc0a4c8da5e09f39b5021e\spring-orm-5.0.8.RELEASE.jar;C:\Users\triin\.gradle\caches\modules-2\files-2.1\org.springframework\spring-jdbc\5.0.8.RELEASE\efcf5f0ccaaa9deec2d9133c9d6bfbb7e55370ff\spring-jdbc-5.0.8.RELEASE.jar;C:\Users\triin\.gradle\caches\modules-2\files-2.1\org.springframework\spring-tx\5.0.8.RELEASE\b6488db6192f71bd682a13b9d42127307631c616\spring-tx-5.0.8.RELEASE.jar;C:\Users\triin\.gradle\caches\modules-2\files-2.1\org.springframework\spring-messaging\5.0.8.RELEASE\596f16f9ace848595a36db08cfbc63f81069e1cc\spring-messaging-5.0.8.RELEASE.jar;C:\Users\triin\.gradle\caches\modules-2\files-2.1\org.springframework.data\spring-data-commons\2.0.9.RELEASE\9c8f3ea29c9dd6e4c41876c46e9f5f4987390beb\spring-data-commons-2.0.9.RELEASE.jar;C:\Users\triin\.gradle\caches\modules-2\files-2.1\org.springframework\spring-beans\5.0.8.RELEASE\5fc965d3e7f5515099244857a8ae9e2a208c169b\spring-beans-5.0.8.RELEASE.jar;C:\Users\triin\.gradle\caches\modules-2\files-2.1\org.springframework\spring-expression\5.0.8.RELEASE\f23158f22c917df2cddf2ecebc398a9e95f95fae\spring-expression-5.0.8.RELEASE.jar;C:\Users\triin\.gradle\caches\modules-2\files-2.1\org.springframework\spring-core\5.0.8.RELEASE\dc39c49e3246cdf73d3786ac41119140aed3fa08\spring-core-5.0.8.RELEASE.jar;C:\Users\triin\.gradle\caches\modules-2\files-2.1\org.springframework\spring-jcl\5.0.8.RELEASE\a1fa8fb560fb252321776e16bc9ac8201af4ef5e\spring-jcl-5.0.8.RELEASE.jar;C:\Users\triin\.gradle\caches\modules-2\files-2.1\javax.annotation\javax.annotation-api\1.3.2\934c04d3cfef185a8008e7bf34331b79730a9d43\javax.annotation-api-1.3.2.jar;C:\Users\triin\.gradle\caches\modules-2\files-2.1\org.apache.tomcat.embed\tomcat-embed-websocket\8.5.32\ea5302e378f1449d4e5dda79e8d810c1e7931f91\tomcat-embed-websocket-8.5.32.jar;C:\Users\triin\.gradle\caches\modules-2\files-2.1\org.apache.tomcat.embed\tomcat-embed-core\8.5.32\6bc6896200146010cc4666bdc6b9b0cbb453ee22\tomcat-embed-core-8.5.32.jar;C:\Users\triin\.gradle\caches\modules-2\files-2.1\com.jayway.jsonpath\json-path\2.4.0\765a4401ceb2dc8d40553c2075eb80a8fa35c2ae\json-path-2.4.0.jar;C:\Users\triin\.gradle\caches\modules-2\files-2.1\junit\junit\4.12\2973d150c0dc1fefe998f834810d68f278ea58ec\junit-4.12.jar;C:\Users\triin\.gradle\caches\modules-2\files-2.1\org.assertj\assertj-core\3.9.1\c5ce126b15f28d56cd8f960c1a6a058b9c9aea87\assertj-core-3.9.1.jar;C:\Users\triin\.gradle\caches\modules-2\files-2.1\org.mockito\mockito-core\2.15.0\b84bfbbc29cd22c9529409627af6ea2897f4fa85\mockito-core-2.15.0.jar;C:\Users\triin\.gradle\caches\modules-2\files-2.1\org.hamcrest\hamcrest-library\1.3\4785a3c21320980282f9f33d0d1264a69040538f\hamcrest-library-1.3.jar;C:\Users\triin\.gradle\caches\modules-2\files-2.1\org.hamcrest\hamcrest-core\1.3\42a25dc3219429f0e5d060061f71acb49bf010a0\hamcrest-core-1.3.jar;C:\Users\triin\.gradle\caches\modules-2\files-2.1\org.skyscreamer\jsonassert\1.5.0\6c9d5fe2f59da598d9aefc1cfc6528ff3cf32df3\jsonassert-1.5.0.jar;C:\Users\triin\.gradle\caches\modules-2\files-2.1\org.xmlunit\xmlunit-core\2.5.1\4ffdb346572a7356f7521cd3119ce5287d2e339d\xmlunit-core-2.5.1.jar;C:\Users\triin\.gradle\caches\modules-2\files-2.1\io.projectreactor.ipc\reactor-netty\0.7.8.RELEASE\fe25c7d3042b6005690f7d243cef987b696a12ee\reactor-netty-0.7.8.RELEASE.jar;C:\Users\triin\.gradle\caches\modules-2\files-2.1\io.projectreactor\reactor-core\3.1.8.RELEASE\3bcc30f9161d3d17abe44b4aa20e397e5170566e\reactor-core-3.1.8.RELEASE.jar;C:\Users\triin\.gradle\caches\modules-2\files-2.1\org.springframework.boot\spring-boot-starter-logging\2.0.4.RELEASE\dcd1a2c431c970f44adae64d9145133979a513ab\spring-boot-starter-logging-2.0.4.RELEASE.jar;C:\Users\triin\.gradle\caches\modules-2\files-2.1\org.yaml\snakeyaml\1.19\2d998d3d674b172a588e54ab619854d073f555b5\snakeyaml-1.19.jar;C:\Users\triin\.gradle\caches\modules-2\files-2.1\org.aspectj\aspectjweaver\1.8.13\ad94df2a28d658a40dc27bbaff6a1ce5fbf04e9b\aspectjweaver-1.8.13.jar;C:\Users\triin\.gradle\caches\modules-2\files-2.1\com.zaxxer\HikariCP\2.7.9\a83113d2c091d0d0f853dad3217bd7df3beb6ae3\HikariCP-2.7.9.jar;C:\Users\triin\.gradle\caches\modules-2\files-2.1\org.hibernate.common\hibernate-commons-annotations\5.0.1.Final\71e1cff3fcb20d3b3af4f3363c3ddb24d33c6879\hibernate-commons-annotations-5.0.1.Final.jar;C:\Users\triin\.gradle\caches\modules-2\files-2.1\org.jboss.logging\jboss-logging\3.3.2.Final\3789d00e859632e6c6206adc0c71625559e6e3b0\jboss-logging-3.3.2.Final.jar;C:\Users\triin\.gradle\caches\modules-2\files-2.1\org.hibernate.javax.persistence\hibernate-jpa-2.1-api\1.0.2.Final\52afb5762c704a6b586e27742470c08f91877fc1\hibernate-jpa-2.1-api-1.0.2.Final.jar;C:\Users\triin\.gradle\caches\modules-2\files-2.1\org.javassist\javassist\3.22.0-GA\3e83394258ae2089be7219b971ec21a8288528ad\javassist-3.22.0-GA.jar;C:\Users\triin\.gradle\caches\modules-2\files-2.1\antlr\antlr\2.7.7\83cd2cd674a217ade95a4bb83a8a14f351f48bd0\antlr-2.7.7.jar;C:\Users\triin\.gradle\caches\modules-2\files-2.1\org.jboss\jandex\2.0.3.Final\bfc4d6257dbff7a33a357f0de116be6ff951d849\jandex-2.0.3.Final.jar;C:\Users\triin\.gradle\caches\modules-2\files-2.1\com.fasterxml\classmate\1.3.4\3d5f48f10bbe4eb7bd862f10c0583be2e0053c6\classmate-1.3.4.jar;C:\Users\triin\.gradle\caches\modules-2\files-2.1\dom4j\dom4j\1.6.1\5d3ccc056b6f056dbf0dddfdf43894b9065a8f94\dom4j-1.6.1.jar;C:\Users\triin\.gradle\caches\modules-2\files-2.1\org.thymeleaf\thymeleaf\3.0.9.RELEASE\64185cca50ac808ad034841c84b4013f955465d2\thymeleaf-3.0.9.RELEASE.jar;C:\Users\triin\.gradle\caches\modules-2\files-2.1\org.synchronoss.cloud\nio-stream-storage\1.1.3\986dba5f6e5eed20f0dba6ddc8e8a64a9ebdc2f3\nio-stream-storage-1.1.3.jar;C:\Users\triin\.gradle\caches\modules-2\files-2.1\ch.qos.logback\logback-classic\1.2.3\7c4f3c474fb2c041d8028740440937705ebb473a\logback-classic-1.2.3.jar;C:\Users\triin\.gradle\caches\modules-2\files-2.1\org.apache.logging.log4j\log4j-to-slf4j\2.10.0\f7e631ccf49cfc0aefa4a2a728da7d374c05bd3c\log4j-to-slf4j-2.10.0.jar;C:\Users\triin\.gradle\caches\modules-2\files-2.1\org.slf4j\jul-to-slf4j\1.7.25\af5364cd6679bfffb114f0dec8a157aaa283b76\jul-to-slf4j-1.7.25.jar;C:\Users\triin\.gradle\caches\modules-2\files-2.1\org.slf4j\slf4j-api\1.7.25\da76ca59f6a57ee3102f8f9bd9cee742973efa8a\slf4j-api-1.7.25.jar;C:\Users\triin\.gradle\caches\modules-2\files-2.1\com.fasterxml.jackson.datatype\jackson-datatype-jdk8\2.9.6\456895fc91bf7180b216fead220373e6278230c9\jackson-datatype-jdk8-2.9.6.jar;C:\Users\triin\.gradle\caches\modules-2\files-2.1\com.fasterxml.jackson.datatype\jackson-datatype-jsr310\2.9.6\ea54f6193d224e5e5732bbd4262327eb465397c2\jackson-datatype-jsr310-2.9.6.jar;C:\Users\triin\.gradle\caches\modules-2\files-2.1\com.fasterxml.jackson.module\jackson-module-parameter-names\2.9.6\129acd77a4b6ee30d62d3a0899b1344c8ec2bff8\jackson-module-parameter-names-2.9.6.jar;C:\Users\triin\.gradle\caches\modules-2\files-2.1\com.fasterxml.jackson.core\jackson-databind\2.9.6\cfa4f316351a91bfd95cb0644c6a2c95f52db1fc\jackson-databind-2.9.6.jar;C:\Users\triin\.gradle\caches\modules-2\files-2.1\com.fasterxml.jackson.core\jackson-annotations\2.9.0\7c10d545325e3a6e72e06381afe469fd40eb701\jackson-annotations-2.9.0.jar;C:\Users\triin\.gradle\caches\modules-2\files-2.1\org.springframework.retry\spring-retry\1.2.2.RELEASE\638928732585c450e461f0a132b6834ad7cf3af0\spring-retry-1.2.2.RELEASE.jar;C:\Users\triin\.gradle\caches\modules-2\files-2.1\commons-io\commons-io\2.5\2852e6e05fbb95076fc091f6d1780f1f8fe35e0f\commons-io-2.5.jar;C:\Users\triin\.gradle\caches\modules-2\files-2.1\org.apache.cxf\cxf-core\3.2.5\97ef733f24a22275974b78f557a70334508f9404\cxf-core-3.2.5.jar;C:\Users\triin\.gradle\caches\modules-2\files-2.1\javax.ws.rs\javax.ws.rs-api\2.1\426a0862406536e690c7caa8bb6ed32191986fac\javax.ws.rs-api-2.1.jar;C:\Users\triin\.gradle\caches\modules-2\files-2.1\net.minidev\json-smart\2.3\7396407491352ce4fa30de92efb158adb76b5b\json-smart-2.3.jar;C:\Users\triin\.gradle\caches\modules-2\files-2.1\net.bytebuddy\byte-buddy\1.7.11\f02857a4e2c66ccbe7aaad6100a0a6c461bce9b3\byte-buddy-1.7.11.jar;C:\Users\triin\.gradle\caches\modules-2\files-2.1\net.bytebuddy\byte-buddy-agent\1.7.11\b425a8933ca07edd03c6dbc8bc3b595fba9780de\byte-buddy-agent-1.7.11.jar;C:\Users\triin\.gradle\caches\modules-2\files-2.1\org.objenesis\objenesis\2.6\639033469776fd37c08358c6b92a4761feb2af4b\objenesis-2.6.jar;C:\Users\triin\.gradle\caches\modules-2\files-2.1\com.vaadin.external.google\android-json\0.0.20131108.vaadin1\fa26d351fe62a6a17f5cda1287c1c6110dec413f\android-json-0.0.20131108.vaadin1.jar;C:\Users\triin\.gradle\caches\modules-2\files-2.1\org.reactivestreams\reactive-streams\1.0.2\323964c36556eb0e6209f65c1cef72b53b461ab8\reactive-streams-1.0.2.jar;C:\Users\triin\.gradle\caches\modules-2\files-2.1\com.fasterxml.jackson.core\jackson-core\2.9.6\4e393793c37c77e042ccc7be5a914ae39251b365\jackson-core-2.9.6.jar;C:\Users\triin\.gradle\caches\modules-2\files-2.1\org.atteo\evo-inflector\1.2.2\2551aad98d65ac5464d81fe05f0e1516cfe471c9\evo-inflector-1.2.2.jar;C:\Users\triin\.gradle\caches\modules-2\files-2.1\org.attoparser\attoparser\2.0.4.RELEASE\5cf02c4d8303a81f0c80971bb1dcd40d3ba96009\attoparser-2.0.4.RELEASE.jar;C:\Users\triin\.gradle\caches\modules-2\files-2.1\org.unbescape\unbescape\1.1.5.RELEASE\46dc644ea9c234317d926ebac5bf5d8f114dc1ba\unbescape-1.1.5.RELEASE.jar;C:\Users\triin\.gradle\caches\modules-2\files-2.1\io.netty\netty-handler-proxy\4.1.27.Final\1a822ce7760bc6eb4937b7e448c9e081fedcc807\netty-handler-proxy-4.1.27.Final.jar;C:\Users\triin\.gradle\caches\modules-2\files-2.1\io.netty\netty-codec-http\4.1.27.Final\a1722d6bcbbef1c4c7877e8bf38b07a3db5ed07f\netty-codec-http-4.1.27.Final.jar;C:\Users\triin\.gradle\caches\modules-2\files-2.1\io.netty\netty-handler\4.1.27.Final\21bd9cf565390a8d72579b8664303e3c175dfc6a\netty-handler-4.1.27.Final.jar;C:\Users\triin\.gradle\caches\modules-2\files-2.1\io.netty\netty-transport-native-epoll\4.1.27.Final\8c3a61a7dd53eafe2f0fe31356f1379598f74517\netty-transport-native-epoll-4.1.27.Final-linux-x86_64.jar;C:\Users\triin\.gradle\caches\modules-2\files-2.1\com.fasterxml.woodstox\woodstox-core\5.0.3\10aa199207fda142eff01cd61c69244877d71770\woodstox-core-5.0.3.jar;C:\Users\triin\.gradle\caches\modules-2\files-2.1\org.apache.ws.xmlschema\xmlschema-core\2.2.3\920a9a3132f925554ae8432d9473c8806734a8ec\xmlschema-core-2.2.3.jar;C:\Users\triin\.gradle\caches\modules-2\files-2.1\net.minidev\accessors-smart\1.2\c592b500269bfde36096641b01238a8350f8aa31\accessors-smart-1.2.jar;C:\Users\triin\.gradle\caches\modules-2\files-2.1\ch.qos.logback\logback-core\1.2.3\864344400c3d4d92dfeb0a305dc87d953677c03c\logback-core-1.2.3.jar;C:\Users\triin\.gradle\caches\modules-2\files-2.1\org.apache.logging.log4j\log4j-api\2.10.0\fec5797a55b786184a537abd39c3fa1449d752d6\log4j-api-2.10.0.jar;C:\Users\triin\.gradle\caches\modules-2\files-2.1\io.netty\netty-codec-socks\4.1.27.Final\285b09af98764cf02e4b77b3d95af188469a7133\netty-codec-socks-4.1.27.Final.jar;C:\Users\triin\.gradle\caches\modules-2\files-2.1\io.netty\netty-codec\4.1.27.Final\d2653d78ebaa650064768fb26b10051f5c8efb2c\netty-codec-4.1.27.Final.jar;C:\Users\triin\.gradle\caches\modules-2\files-2.1\io.netty\netty-transport-native-unix-common\4.1.27.Final\2b0667fe5c1df78c6cfbf9d53ad8b1fb533fb8e8\netty-transport-native-unix-common-4.1.27.Final.jar;C:\Users\triin\.gradle\caches\modules-2\files-2.1\io.netty\netty-transport\4.1.27.Final\b5c2da3ea89dd67320925f1504c9eb3615241b7c\netty-transport-4.1.27.Final.jar;C:\Users\triin\.gradle\caches\modules-2\files-2.1\io.netty\netty-buffer\4.1.27.Final\aafe2b9fb0d8f3b200cf10b9fd6486c6a722d7a1\netty-buffer-4.1.27.Final.jar;C:\Users\triin\.gradle\caches\modules-2\files-2.1\io.netty\netty-resolver\4.1.27.Final\2536447ef9605ccb2b5203aa22392c6514484ea9\netty-resolver-4.1.27.Final.jar;C:\Users\triin\.gradle\caches\modules-2\files-2.1\io.netty\netty-common\4.1.27.Final\6a12a969c27fb37b230c4bde5a67bd822fa6b7a4\netty-common-4.1.27.Final.jar;C:\Users\triin\.gradle\caches\modules-2\files-2.1\org.codehaus.woodstox\stax2-api\3.1.4\ac19014b1e6a7c08aad07fe114af792676b685b7\stax2-api-3.1.4.jar;C:\Users\triin\.gradle\caches\modules-2\files-2.1\org.ow2.asm\asm\5.0.4\da08b8cce7bbf903602a25a3a163ae252435795\asm-5.0.4.jar, user.name=triin, java.vm.specification.version=1.8, sun.java.command=worker.org.gradle.process.internal.worker.GradleWorkerMain 'Gradle Test Executor 5', java.home=C:\Program Files\Java\jdk1.8.0_181\jre, sun.arch.data.model=64, user.language=et, java.specification.vendor=Oracle Corporation, awt.toolkit=sun.awt.windows.WToolkit, java.vm.info=mixed mode, java.version=1.8.0_181, java.ext.dirs=C:\Program Files\Java\jdk1.8.0_181\jre\lib\ext;C:\WINDOWS\Sun\Java\lib\ext, sun.boot.class.path=C:\Program Files\Java\jdk1.8.0_181\jre\lib\resources.jar;C:\Program Files\Java\jdk1.8.0_181\jre\lib\rt.jar;C:\Program Files\Java\jdk1.8.0_181\jre\lib\sunrsasign.jar;C:\Program Files\Java\jdk1.8.0_181\jre\lib\jsse.jar;C:\Program Files\Java\jdk1.8.0_181\jre\lib\jce.jar;C:\Program Files\Java\jdk1.8.0_181\jre\lib\charsets.jar;C:\Program Files\Java\jdk1.8.0_181\jre\lib\jfr.jar;C:\Program Files\Java\jdk1.8.0_181\jre\classes, java.vendor=Oracle Corporation, org.gradle.test.worker=5, file.separator=\, java.vendor.url.bug=http://bugreport.sun.com/bugreport/, sun.io.unicode.encoding=UnicodeLittle, sun.cpu.endian=little, sun.desktop=windows, sun.cpu.isalist=amd64}}, SystemEnvironmentPropertySource@786532884 {name='systemEnvironment', properties={USERDOMAIN_ROAMINGPROFILE=DESKTOP-99F7BOC, LOCALAPPDATA=C:\Users\triin\AppData\Local, PROCESSOR_LEVEL=6, USERDOMAIN=DESKTOP-99F7BOC, FPS_BROWSER_APP_PROFILE_STRING=Internet Explorer, LOGONSERVER=\\DESKTOP-99F7BOC, JAVA_HOME=C:\Program Files\Java\jdk1.8.0_181, SESSIONNAME=Console, ALLUSERSPROFILE=C:\ProgramData, PROCESSOR_ARCHITECTURE=AMD64, PSModulePath=C:\WINDOWS\system32\WindowsPowerShell\v1.0\Modules\;C:\Program Files (x86)\Microsoft SQL Server\110\Tools\PowerShell\Modules\;C:\Program Files (x86)\Microsoft SQL Server\120\Tools\PowerShell\Modules\, SystemDrive=C:, asl.log=Destination=file, MAVEN_HOME=C:\Program Files\Apache Software Foundation\apache-maven-3.5.4/, OneDrive=C:\Users\triin\OneDrive, APPDATA=C:\Users\triin\AppData\Roaming, USERNAME=triin, ProgramFiles(x86)=C:\Program Files (x86), VBOX_MSI_INSTALL_PATH=C:\Program Files\Oracle\VirtualBox\, CommonProgramFiles=C:\Program Files\Common Files, Path=C:\Program Files (x86)\Common Files\Oracle\Java\javapath;c:\Rtools\bin;c:\Rtools\mingw_32\bin;C:\ProgramData\Oracle\Java\javapath;C:\WINDOWS\system32;C:\WINDOWS;C:\WINDOWS\System32\Wbem;C:\WINDOWS\System32\WindowsPowerShell\v1.0\;C:\Program Files\Samsung\AllShare Framework DMS\1.3.23\;C:\Program Files\Samsung\AllShare Framework DMS\1.3.23\64bit\;C:\Program Files (x86)\Brackets\command;C:\Program Files (x86)\SDL International\SDLX;C:\MySQL\bin;C:\Program Files (x86)\Microsoft SQL Server\110\Tools\Binn\;C:\Program Files\Microsoft SQL Server\110\Tools\Binn\;C:\Program Files\Microsoft SQL Server\110\DTS\Binn\;C:\Program Files\MiKTeX 2.9\miktex\bin\x64\;C:\Program Files (x86)\IVI Foundation\VISA\WinNT\Bin\;C:\Program Files\IVI Foundation\VISA\Win64\Bin\;H:\MATLAB\runtime\win64;H:\MATLAB\bin;C:\Program Files (x86)\QuickTime\QTSystem\;C:\WINDOWS\System32\OpenSSH\;C:\Program Files (x86)\Microsoft SQL Server\Client SDK\ODBC\110\Tools\Binn\;C:\Program Files (x86)\Microsoft SQL Server\120\Tools\Binn\;C:\Program Files (x86)\Microsoft SQL Server\120\DTS\Binn\;C:\Program Files\PuTTY\;C:\Program Files\Java\jdk1.8.0_181\bin;C:\Program Files\nodejs\;C:\Program Files\Apache Software Foundation\apache-maven-3.5.4/\bin;C:\Users\triin\scoop\shims;C:\Users\triin\AppData\Local\Programs\Python\Python36-32\Scripts\;C:\Users\triin\AppData\Local\Programs\Python\Python36-32\;C:\Users\triin\AppData\Local\Microsoft\WindowsApps;C:\Users\triin\AppData\Roaming\npm, PROG27B48B2C051=1, FPS_BROWSER_USER_PROFILE_STRING=Default, VXIPNPPATH64=C:\Program Files\IVI Foundation\VISA\, PATHEXT=.COM;.EXE;.BAT;.CMD;.VBS;.VBE;.JS;.JSE;.WSF;.WSH;.MSC;.PY, DriverData=C:\Windows\System32\Drivers\DriverData, OS=Windows_NT, COMPUTERNAME=DESKTOP-99F7BOC, PROCESSOR_REVISION=2a07, CommonProgramW6432=C:\Program Files\Common Files, ComSpec=C:\WINDOWS\system32\cmd.exe, ProgramData=C:\ProgramData, ProgramW6432=C:\Program Files, HOMEPATH=\Users\triin, SystemRoot=C:\WINDOWS, TEMP=C:\Users\triin\AppData\Local\Temp, ESET_OPTIONS=                                                                                                                                                                                                                                                                                                                                                                                                                                                                                                                               , HOMEDRIVE=C:, PROCESSOR_IDENTIFIER=Intel64 Family 6 Model 42 Stepping 7, GenuineIntel, USERPROFILE=C:\Users\triin, TMP=C:\Users\triin\AppData\Local\Temp, CommonProgramFiles(x86)=C:\Program Files (x86)\Common Files, ProgramFiles=C:\Program Files, PUBLIC=C:\Users\Public, NUMBER_OF_PROCESSORS=4, windir=C:\WINDOWS, =::=::\}}]
20:33:59.874 [Test worker] DEBUG org.springframework.test.context.support.TestPropertySourceUtils - Adding inlined properties to environment: {spring.jmx.enabled=false, org.springframework.boot.test.context.SpringBootTestContextBootstrapper=true, server.port=-1}
20:33:59.874 [Test worker] DEBUG org.springframework.core.env.StandardEnvironment - Adding PropertySource 'Inlined Test Properties' with highest search precedence

  .   ____          _            __ _ _
 /\\ / ___'_ __ _ _(_)_ __  __ _ \ \ \ \
( ( )\___ | '_ | '_| | '_ \/ _` | \ \ \ \
 \\/  ___)| |_)| | | | | || (_| |  ) ) ) )
  '  |____| .__|_| |_|_| |_\__, | / / / /
 =========|_|==============|___/=/_/_/_/
 :: Spring Boot ::        (v2.0.4.RELEASE)

2018-09-09 20:34:00.921  INFO 147316 --- [    Test worker] e.b.v.trikad.TrikadApplicationTests      : Starting TrikadApplicationTests on DESKTOP-99F7BOC with PID 147316 (started by triin in C:\Users\triin\Desktop\ValiIT\FinalProject\trikad_uus)
2018-09-09 20:34:00.921  INFO 147316 --- [    Test worker] e.b.v.trikad.TrikadApplicationTests      : No active profile set, falling back to default profiles: default
2018-09-09 20:34:01.046  INFO 147316 --- [    Test worker] o.s.w.c.s.GenericWebApplicationContext   : Refreshing org.springframework.web.context.support.GenericWebApplicationContext@5765cc2: startup date [Sun Sep 09 20:34:01 EEST 2018]; root of context hierarchy
2018-09-09 20:34:05.463  INFO 147316 --- [    Test worker] o.s.b.f.xml.XmlBeanDefinitionReader      : Loading XML bean definitions from class path resource [META-INF/cxf/cxf.xml]
2018-09-09 20:34:06.010  INFO 147316 --- [    Test worker] o.s.i.config.IntegrationRegistrar        : No bean named 'integrationHeaderChannelRegistry' has been explicitly defined. Therefore, a default DefaultHeaderChannelRegistry will be created.
2018-09-09 20:34:07.463  INFO 147316 --- [    Test worker] faultConfiguringBeanFactoryPostProcessor : No bean named 'errorChannel' has been explicitly defined. Therefore, a default PublishSubscribeChannel will be created.
2018-09-09 20:34:07.479  INFO 147316 --- [    Test worker] faultConfiguringBeanFactoryPostProcessor : No bean named 'taskScheduler' has been explicitly defined. Therefore, a default ThreadPoolTaskScheduler will be created.
2018-09-09 20:34:07.964  INFO 147316 --- [    Test worker] trationDelegate$BeanPostProcessorChecker : Bean 'org.springframework.ws.config.annotation.DelegatingWsConfiguration' of type [org.springframework.ws.config.annotation.DelegatingWsConfiguration$$EnhancerBySpringCGLIB$$8e0a65b4] is not eligible for getting processed by all BeanPostProcessors (for example: not eligible for auto-proxying)
2018-09-09 20:34:08.136  INFO 147316 --- [    Test worker] .w.s.a.s.AnnotationActionEndpointMapping : Supporting [WS-Addressing August 2004, WS-Addressing 1.0]
2018-09-09 20:34:08.261  INFO 147316 --- [    Test worker] trationDelegate$BeanPostProcessorChecker : Bean 'org.springframework.hateoas.config.HateoasConfiguration' of type [org.springframework.hateoas.config.HateoasConfiguration$$EnhancerBySpringCGLIB$$68f2ede7] is not eligible for getting processed by all BeanPostProcessors (for example: not eligible for auto-proxying)
2018-09-09 20:34:08.417  INFO 147316 --- [    Test worker] trationDelegate$BeanPostProcessorChecker : Bean 'org.springframework.integration.config.IntegrationManagementConfiguration' of type [org.springframework.integration.config.IntegrationManagementConfiguration$$EnhancerBySpringCGLIB$$54645be4] is not eligible for getting processed by all BeanPostProcessors (for example: not eligible for auto-proxying)
2018-09-09 20:34:08.777  WARN 147316 --- [    Test worker] o.s.w.c.s.GenericWebApplicationContext   : Exception encountered during context initialization - cancelling refresh attempt: org.springframework.beans.factory.UnsatisfiedDependencyException: Error creating bean with name 'appointmentController': Unsatisfied dependency expressed through field 'appointmentService'; nested exception is org.springframework.beans.factory.UnsatisfiedDependencyException: Error creating bean with name 'appointmentService': Unsatisfied dependency expressed through field 'appointmentsRepository'; nested exception is org.springframework.beans.factory.NoSuchBeanDefinitionException: No qualifying bean of type 'ee.bcs.valiit.trikad.data.AppointmentsRepository' available: expected at least 1 bean which qualifies as autowire candidate. Dependency annotations: {@org.springframework.beans.factory.annotation.Autowired(required=true)}
2018-09-09 20:34:08.792  INFO 147316 --- [    Test worker] ConditionEvaluationReportLoggingListener : 

Error starting ApplicationContext. To display the conditions report re-run your application with 'debug' enabled.
2018-09-09 20:34:09.777 ERROR 147316 --- [    Test worker] o.s.b.d.LoggingFailureAnalysisReporter   : 

***************************
APPLICATION FAILED TO START
***************************

Description:

Field appointmentsRepository in ee.bcs.valiit.trikad.service.AppointmentService required a bean of type 'ee.bcs.valiit.trikad.data.AppointmentsRepository' that could not be found.


Action:

Consider defining a bean of type 'ee.bcs.valiit.trikad.data.AppointmentsRepository' in your configuration.

2018-09-09 20:34:09.792 ERROR 147316 --- [    Test worker] o.s.test.context.TestContextManager      : Caught exception while allowing TestExecutionListener [org.springframework.test.context.web.ServletTestExecutionListener@4decd8d8] to prepare test instance [ee.bcs.valiit.trikad.TrikadApplicationTests@3660afc0]

java.lang.IllegalStateException: Failed to load ApplicationContext
	at org.springframework.test.context.cache.DefaultCacheAwareContextLoaderDelegate.loadContext(DefaultCacheAwareContextLoaderDelegate.java:125) ~[spring-test-5.0.8.RELEASE.jar:5.0.8.RELEASE]
	at org.springframework.test.context.support.DefaultTestContext.getApplicationContext(DefaultTestContext.java:108) ~[spring-test-5.0.8.RELEASE.jar:5.0.8.RELEASE]
	at org.springframework.test.context.web.ServletTestExecutionListener.setUpRequestContextIfNecessary(ServletTestExecutionListener.java:190) ~[spring-test-5.0.8.RELEASE.jar:5.0.8.RELEASE]
	at org.springframework.test.context.web.ServletTestExecutionListener.prepareTestInstance(ServletTestExecutionListener.java:132) ~[spring-test-5.0.8.RELEASE.jar:5.0.8.RELEASE]
	at org.springframework.test.context.TestContextManager.prepareTestInstance(TestContextManager.java:246) ~[spring-test-5.0.8.RELEASE.jar:5.0.8.RELEASE]
	at org.springframework.test.context.junit4.SpringJUnit4ClassRunner.createTest(SpringJUnit4ClassRunner.java:227) [spring-test-5.0.8.RELEASE.jar:5.0.8.RELEASE]
	at org.springframework.test.context.junit4.SpringJUnit4ClassRunner$1.runReflectiveCall(SpringJUnit4ClassRunner.java:289) [spring-test-5.0.8.RELEASE.jar:5.0.8.RELEASE]
	at org.junit.internal.runners.model.ReflectiveCallable.run(ReflectiveCallable.java:12) [junit-4.12.jar:4.12]
	at org.springframework.test.context.junit4.SpringJUnit4ClassRunner.methodBlock(SpringJUnit4ClassRunner.java:291) [spring-test-5.0.8.RELEASE.jar:5.0.8.RELEASE]
	at org.springframework.test.context.junit4.SpringJUnit4ClassRunner.runChild(SpringJUnit4ClassRunner.java:246) [spring-test-5.0.8.RELEASE.jar:5.0.8.RELEASE]
	at org.springframework.test.context.junit4.SpringJUnit4ClassRunner.runChild(SpringJUnit4ClassRunner.java:97) [spring-test-5.0.8.RELEASE.jar:5.0.8.RELEASE]
	at org.junit.runners.ParentRunner$3.run(ParentRunner.java:290) [junit-4.12.jar:4.12]
	at org.junit.runners.ParentRunner$1.schedule(ParentRunner.java:71) [junit-4.12.jar:4.12]
	at org.junit.runners.ParentRunner.runChildren(ParentRunner.java:288) [junit-4.12.jar:4.12]
	at org.junit.runners.ParentRunner.access$000(ParentRunner.java:58) [junit-4.12.jar:4.12]
	at org.junit.runners.ParentRunner$2.evaluate(ParentRunner.java:268) [junit-4.12.jar:4.12]
	at org.springframework.test.context.junit4.statements.RunBeforeTestClassCallbacks.evaluate(RunBeforeTestClassCallbacks.java:61) [spring-test-5.0.8.RELEASE.jar:5.0.8.RELEASE]
	at org.springframework.test.context.junit4.statements.RunAfterTestClassCallbacks.evaluate(RunAfterTestClassCallbacks.java:70) [spring-test-5.0.8.RELEASE.jar:5.0.8.RELEASE]
	at org.junit.runners.ParentRunner.run(ParentRunner.java:363) [junit-4.12.jar:4.12]
	at org.springframework.test.context.junit4.SpringJUnit4ClassRunner.run(SpringJUnit4ClassRunner.java:190) [spring-test-5.0.8.RELEASE.jar:5.0.8.RELEASE]
	at org.gradle.api.internal.tasks.testing.junit.JUnitTestClassExecutor.runTestClass(JUnitTestClassExecutor.java:106) [gradle-testing-jvm-4.8.1.jar:4.8.1]
	at org.gradle.api.internal.tasks.testing.junit.JUnitTestClassExecutor.execute(JUnitTestClassExecutor.java:58) [gradle-testing-jvm-4.8.1.jar:4.8.1]
	at org.gradle.api.internal.tasks.testing.junit.JUnitTestClassExecutor.execute(JUnitTestClassExecutor.java:38) [gradle-testing-jvm-4.8.1.jar:4.8.1]
	at org.gradle.api.internal.tasks.testing.junit.AbstractJUnitTestClassProcessor.processTestClass(AbstractJUnitTestClassProcessor.java:66) [gradle-testing-jvm-4.8.1.jar:4.8.1]
	at org.gradle.api.internal.tasks.testing.SuiteTestClassProcessor.processTestClass(SuiteTestClassProcessor.java:51) [gradle-testing-base-4.8.1.jar:4.8.1]
	at sun.reflect.NativeMethodAccessorImpl.invoke0(Native Method) ~[na:1.8.0_181]
	at sun.reflect.NativeMethodAccessorImpl.invoke(NativeMethodAccessorImpl.java:62) ~[na:1.8.0_181]
	at sun.reflect.DelegatingMethodAccessorImpl.invoke(DelegatingMethodAccessorImpl.java:43) ~[na:1.8.0_181]
	at java.lang.reflect.Method.invoke(Method.java:498) ~[na:1.8.0_181]
	at org.gradle.internal.dispatch.ReflectionDispatch.dispatch(ReflectionDispatch.java:35) [gradle-messaging-4.8.1.jar:4.8.1]
	at org.gradle.internal.dispatch.ReflectionDispatch.dispatch(ReflectionDispatch.java:24) [gradle-messaging-4.8.1.jar:4.8.1]
	at org.gradle.internal.dispatch.ContextClassLoaderDispatch.dispatch(ContextClassLoaderDispatch.java:32) [gradle-messaging-4.8.1.jar:4.8.1]
	at org.gradle.internal.dispatch.ProxyDispatchAdapter$DispatchingInvocationHandler.invoke(ProxyDispatchAdapter.java:93) [gradle-messaging-4.8.1.jar:4.8.1]
	at com.sun.proxy.$Proxy1.processTestClass(Unknown Source) [na:na]
	at org.gradle.api.internal.tasks.testing.worker.TestWorker.processTestClass(TestWorker.java:109) [gradle-testing-base-4.8.1.jar:4.8.1]
	at sun.reflect.NativeMethodAccessorImpl.invoke0(Native Method) ~[na:1.8.0_181]
	at sun.reflect.NativeMethodAccessorImpl.invoke(NativeMethodAccessorImpl.java:62) ~[na:1.8.0_181]
	at sun.reflect.DelegatingMethodAccessorImpl.invoke(DelegatingMethodAccessorImpl.java:43) ~[na:1.8.0_181]
	at java.lang.reflect.Method.invoke(Method.java:498) ~[na:1.8.0_181]
	at org.gradle.internal.dispatch.ReflectionDispatch.dispatch(ReflectionDispatch.java:35) [gradle-messaging-4.8.1.jar:4.8.1]
	at org.gradle.internal.dispatch.ReflectionDispatch.dispatch(ReflectionDispatch.java:24) [gradle-messaging-4.8.1.jar:4.8.1]
	at org.gradle.internal.remote.internal.hub.MessageHubBackedObjectConnection$DispatchWrapper.dispatch(MessageHubBackedObjectConnection.java:155) [gradle-messaging-4.8.1.jar:4.8.1]
	at org.gradle.internal.remote.internal.hub.MessageHubBackedObjectConnection$DispatchWrapper.dispatch(MessageHubBackedObjectConnection.java:137) [gradle-messaging-4.8.1.jar:4.8.1]
	at org.gradle.internal.remote.internal.hub.MessageHub$Handler.run(MessageHub.java:404) [gradle-messaging-4.8.1.jar:4.8.1]
	at org.gradle.internal.concurrent.ExecutorPolicy$CatchAndRecordFailures.onExecute(ExecutorPolicy.java:63) [gradle-base-services-4.8.1.jar:4.8.1]
	at org.gradle.internal.concurrent.ManagedExecutorImpl$1.run(ManagedExecutorImpl.java:46) [gradle-base-services-4.8.1.jar:4.8.1]
	at java.util.concurrent.ThreadPoolExecutor.runWorker(ThreadPoolExecutor.java:1149) [na:1.8.0_181]
	at java.util.concurrent.ThreadPoolExecutor$Worker.run(ThreadPoolExecutor.java:624) [na:1.8.0_181]
	at org.gradle.internal.concurrent.ThreadFactoryImpl$ManagedThreadRunnable.run(ThreadFactoryImpl.java:55) [gradle-base-services-4.8.1.jar:4.8.1]
	at java.lang.Thread.run(Thread.java:748) [na:1.8.0_181]
Caused by: org.springframework.beans.factory.UnsatisfiedDependencyException: Error creating bean with name 'appointmentController': Unsatisfied dependency expressed through field 'appointmentService'; nested exception is org.springframework.beans.factory.UnsatisfiedDependencyException: Error creating bean with name 'appointmentService': Unsatisfied dependency expressed through field 'appointmentsRepository'; nested exception is org.springframework.beans.factory.NoSuchBeanDefinitionException: No qualifying bean of type 'ee.bcs.valiit.trikad.data.AppointmentsRepository' available: expected at least 1 bean which qualifies as autowire candidate. Dependency annotations: {@org.springframework.beans.factory.annotation.Autowired(required=true)}
	at org.springframework.beans.factory.annotation.AutowiredAnnotationBeanPostProcessor$AutowiredFieldElement.inject(AutowiredAnnotationBeanPostProcessor.java:586) ~[spring-beans-5.0.8.RELEASE.jar:5.0.8.RELEASE]
	at org.springframework.beans.factory.annotation.InjectionMetadata.inject(InjectionMetadata.java:91) ~[spring-beans-5.0.8.RELEASE.jar:5.0.8.RELEASE]
	at org.springframework.beans.factory.annotation.AutowiredAnnotationBeanPostProcessor.postProcessPropertyValues(AutowiredAnnotationBeanPostProcessor.java:372) ~[spring-beans-5.0.8.RELEASE.jar:5.0.8.RELEASE]
	at org.springframework.beans.factory.support.AbstractAutowireCapableBeanFactory.populateBean(AbstractAutowireCapableBeanFactory.java:1341) ~[spring-beans-5.0.8.RELEASE.jar:5.0.8.RELEASE]
	at org.springframework.beans.factory.support.AbstractAutowireCapableBeanFactory.doCreateBean(AbstractAutowireCapableBeanFactory.java:572) ~[spring-beans-5.0.8.RELEASE.jar:5.0.8.RELEASE]
	at org.springframework.beans.factory.support.AbstractAutowireCapableBeanFactory.createBean(AbstractAutowireCapableBeanFactory.java:495) ~[spring-beans-5.0.8.RELEASE.jar:5.0.8.RELEASE]
	at org.springframework.beans.factory.support.AbstractBeanFactory.lambda$doGetBean$0(AbstractBeanFactory.java:317) ~[spring-beans-5.0.8.RELEASE.jar:5.0.8.RELEASE]
	at org.springframework.beans.factory.support.DefaultSingletonBeanRegistry.getSingleton(DefaultSingletonBeanRegistry.java:222) ~[spring-beans-5.0.8.RELEASE.jar:5.0.8.RELEASE]
	at org.springframework.beans.factory.support.AbstractBeanFactory.doGetBean(AbstractBeanFactory.java:315) ~[spring-beans-5.0.8.RELEASE.jar:5.0.8.RELEASE]
	at org.springframework.beans.factory.support.AbstractBeanFactory.getBean(AbstractBeanFactory.java:199) ~[spring-beans-5.0.8.RELEASE.jar:5.0.8.RELEASE]
	at org.springframework.beans.factory.support.DefaultListableBeanFactory.preInstantiateSingletons(DefaultListableBeanFactory.java:759) ~[spring-beans-5.0.8.RELEASE.jar:5.0.8.RELEASE]
	at org.springframework.context.support.AbstractApplicationContext.finishBeanFactoryInitialization(AbstractApplicationContext.java:869) ~[spring-context-5.0.8.RELEASE.jar:5.0.8.RELEASE]
	at org.springframework.context.support.AbstractApplicationContext.refresh(AbstractApplicationContext.java:550) ~[spring-context-5.0.8.RELEASE.jar:5.0.8.RELEASE]
	at org.springframework.boot.SpringApplication.refresh(SpringApplication.java:762) ~[spring-boot-2.0.4.RELEASE.jar:2.0.4.RELEASE]
	at org.springframework.boot.SpringApplication.refreshContext(SpringApplication.java:398) ~[spring-boot-2.0.4.RELEASE.jar:2.0.4.RELEASE]
	at org.springframework.boot.SpringApplication.run(SpringApplication.java:330) ~[spring-boot-2.0.4.RELEASE.jar:2.0.4.RELEASE]
	at org.springframework.boot.test.context.SpringBootContextLoader.loadContext(SpringBootContextLoader.java:139) ~[spring-boot-test-2.0.4.RELEASE.jar:2.0.4.RELEASE]
	at org.springframework.test.context.cache.DefaultCacheAwareContextLoaderDelegate.loadContextInternal(DefaultCacheAwareContextLoaderDelegate.java:99) ~[spring-test-5.0.8.RELEASE.jar:5.0.8.RELEASE]
	at org.springframework.test.context.cache.DefaultCacheAwareContextLoaderDelegate.loadContext(DefaultCacheAwareContextLoaderDelegate.java:117) ~[spring-test-5.0.8.RELEASE.jar:5.0.8.RELEASE]
	... 49 common frames omitted
Caused by: org.springframework.beans.factory.UnsatisfiedDependencyException: Error creating bean with name 'appointmentService': Unsatisfied dependency expressed through field 'appointmentsRepository'; nested exception is org.springframework.beans.factory.NoSuchBeanDefinitionException: No qualifying bean of type 'ee.bcs.valiit.trikad.data.AppointmentsRepository' available: expected at least 1 bean which qualifies as autowire candidate. Dependency annotations: {@org.springframework.beans.factory.annotation.Autowired(required=true)}
	at org.springframework.beans.factory.annotation.AutowiredAnnotationBeanPostProcessor$AutowiredFieldElement.inject(AutowiredAnnotationBeanPostProcessor.java:586) ~[spring-beans-5.0.8.RELEASE.jar:5.0.8.RELEASE]
	at org.springframework.beans.factory.annotation.InjectionMetadata.inject(InjectionMetadata.java:91) ~[spring-beans-5.0.8.RELEASE.jar:5.0.8.RELEASE]
	at org.springframework.beans.factory.annotation.AutowiredAnnotationBeanPostProcessor.postProcessPropertyValues(AutowiredAnnotationBeanPostProcessor.java:372) ~[spring-beans-5.0.8.RELEASE.jar:5.0.8.RELEASE]
	at org.springframework.beans.factory.support.AbstractAutowireCapableBeanFactory.populateBean(AbstractAutowireCapableBeanFactory.java:1341) ~[spring-beans-5.0.8.RELEASE.jar:5.0.8.RELEASE]
	at org.springframework.beans.factory.support.AbstractAutowireCapableBeanFactory.doCreateBean(AbstractAutowireCapableBeanFactory.java:572) ~[spring-beans-5.0.8.RELEASE.jar:5.0.8.RELEASE]
	at org.springframework.beans.factory.support.AbstractAutowireCapableBeanFactory.createBean(AbstractAutowireCapableBeanFactory.java:495) ~[spring-beans-5.0.8.RELEASE.jar:5.0.8.RELEASE]
	at org.springframework.beans.factory.support.AbstractBeanFactory.lambda$doGetBean$0(AbstractBeanFactory.java:317) ~[spring-beans-5.0.8.RELEASE.jar:5.0.8.RELEASE]
	at org.springframework.beans.factory.support.DefaultSingletonBeanRegistry.getSingleton(DefaultSingletonBeanRegistry.java:222) ~[spring-beans-5.0.8.RELEASE.jar:5.0.8.RELEASE]
	at org.springframework.beans.factory.support.AbstractBeanFactory.doGetBean(AbstractBeanFactory.java:315) ~[spring-beans-5.0.8.RELEASE.jar:5.0.8.RELEASE]
	at org.springframework.beans.factory.support.AbstractBeanFactory.getBean(AbstractBeanFactory.java:199) ~[spring-beans-5.0.8.RELEASE.jar:5.0.8.RELEASE]
	at org.springframework.beans.factory.config.DependencyDescriptor.resolveCandidate(DependencyDescriptor.java:251) ~[spring-beans-5.0.8.RELEASE.jar:5.0.8.RELEASE]
	at org.springframework.beans.factory.support.DefaultListableBeanFactory.doResolveDependency(DefaultListableBeanFactory.java:1135) ~[spring-beans-5.0.8.RELEASE.jar:5.0.8.RELEASE]
	at org.springframework.beans.factory.support.DefaultListableBeanFactory.resolveDependency(DefaultListableBeanFactory.java:1062) ~[spring-beans-5.0.8.RELEASE.jar:5.0.8.RELEASE]
	at org.springframework.beans.factory.annotation.AutowiredAnnotationBeanPostProcessor$AutowiredFieldElement.inject(AutowiredAnnotationBeanPostProcessor.java:583) ~[spring-beans-5.0.8.RELEASE.jar:5.0.8.RELEASE]
	... 67 common frames omitted
Caused by: org.springframework.beans.factory.NoSuchBeanDefinitionException: No qualifying bean of type 'ee.bcs.valiit.trikad.data.AppointmentsRepository' available: expected at least 1 bean which qualifies as autowire candidate. Dependency annotations: {@org.springframework.beans.factory.annotation.Autowired(required=true)}
	at org.springframework.beans.factory.support.DefaultListableBeanFactory.raiseNoMatchingBeanFound(DefaultListableBeanFactory.java:1506) ~[spring-beans-5.0.8.RELEASE.jar:5.0.8.RELEASE]
	at org.springframework.beans.factory.support.DefaultListableBeanFactory.doResolveDependency(DefaultListableBeanFactory.java:1101) ~[spring-beans-5.0.8.RELEASE.jar:5.0.8.RELEASE]
	at org.springframework.beans.factory.support.DefaultListableBeanFactory.resolveDependency(DefaultListableBeanFactory.java:1062) ~[spring-beans-5.0.8.RELEASE.jar:5.0.8.RELEASE]
	at org.springframework.beans.factory.annotation.AutowiredAnnotationBeanPostProcessor$AutowiredFieldElement.inject(AutowiredAnnotationBeanPostProcessor.java:583) ~[spring-beans-5.0.8.RELEASE.jar:5.0.8.RELEASE]
	... 80 common frames omitted

]]></system-out>
  <system-err><![CDATA[]]></system-err>
</testsuite>
